<?xml version="1.0" encoding="UTF-8"?>
<robot generator="Robot 6.1.1 (Python 3.10.13 on win32)" generated="20231120 14:52:14.817" rpa="false" schemaversion="4">
<suite id="s1" name="Tests" source="C:\Users\tonni\Documents\Courses\ohtu\palautusrepositorio\viikko3\web-login\src\tests">
<suite id="s1-s1" name="Home" source="C:\Users\tonni\Documents\Courses\ohtu\palautusrepositorio\viikko3\web-login\src\tests\home.robot">
<kw name="Open And Configure Browser" library="resource" type="SETUP">
<kw name="Evaluate" library="BuiltIn">
<var>${options}</var>
<arg>sys.modules['selenium.webdriver'].ChromeOptions()</arg>
<arg>sys</arg>
<doc>Evaluates the given expression in Python and returns the result.</doc>
<msg timestamp="20231120 14:52:17.041" level="INFO">${options} = &lt;selenium.webdriver.chrome.options.Options object at 0x000001F289676E60&gt;</msg>
<status status="PASS" starttime="20231120 14:52:17.040" endtime="20231120 14:52:17.041"/>
</kw>
<kw name="Open Browser" library="SeleniumLibrary">
<arg>browser=chrome</arg>
<arg>options=${options}</arg>
<doc>Opens a new browser instance to the optional ``url``.</doc>
<msg timestamp="20231120 14:52:17.041" level="INFO">Opening browser 'chrome' to base url 'None'.</msg>
<status status="PASS" starttime="20231120 14:52:17.041" endtime="20231120 14:52:18.330"/>
</kw>
<kw name="Set Selenium Speed" library="SeleniumLibrary">
<arg>${DELAY}</arg>
<doc>Sets the delay that is waited after each Selenium command.</doc>
<status status="PASS" starttime="20231120 14:52:18.330" endtime="20231120 14:52:18.330"/>
</kw>
<status status="PASS" starttime="20231120 14:52:17.040" endtime="20231120 14:52:18.330"/>
</kw>
<test id="s1-s1-t1" name="Click Login Link" line="8">
<kw name="Go To Starting Page" library="resource" type="SETUP">
<kw name="Go To" library="SeleniumLibrary">
<arg>${HOME_URL}</arg>
<doc>Navigates the current browser window to the provided ``url``.</doc>
<msg timestamp="20231120 14:52:18.331" level="INFO">Opening url 'http://localhost:5001'</msg>
<status status="PASS" starttime="20231120 14:52:18.331" endtime="20231120 14:52:19.157"/>
</kw>
<status status="PASS" starttime="20231120 14:52:18.331" endtime="20231120 14:52:19.157"/>
</kw>
<kw name="Go To Starting Page" library="resource">
<kw name="Go To" library="SeleniumLibrary">
<arg>${HOME_URL}</arg>
<doc>Navigates the current browser window to the provided ``url``.</doc>
<msg timestamp="20231120 14:52:19.158" level="INFO">Opening url 'http://localhost:5001'</msg>
<status status="PASS" starttime="20231120 14:52:19.157" endtime="20231120 14:52:19.679"/>
</kw>
<status status="PASS" starttime="20231120 14:52:19.157" endtime="20231120 14:52:19.679"/>
</kw>
<kw name="Click Link" library="SeleniumLibrary">
<arg>Login</arg>
<doc>Clicks a link identified by ``locator``.</doc>
<msg timestamp="20231120 14:52:19.680" level="INFO">Clicking link 'Login'.</msg>
<status status="PASS" starttime="20231120 14:52:19.679" endtime="20231120 14:52:21.249"/>
</kw>
<kw name="Login Page Should Be Open" library="resource">
<kw name="Title Should Be" library="SeleniumLibrary">
<arg>Login</arg>
<doc>Verifies that the current page title equals ``title``.</doc>
<msg timestamp="20231120 14:52:21.758" level="INFO">Page title is 'Login'.</msg>
<status status="PASS" starttime="20231120 14:52:21.249" endtime="20231120 14:52:21.758"/>
</kw>
<status status="PASS" starttime="20231120 14:52:21.249" endtime="20231120 14:52:21.758"/>
</kw>
<status status="PASS" starttime="20231120 14:52:18.330" endtime="20231120 14:52:21.758"/>
</test>
<test id="s1-s1-t2" name="Click Register Link" line="13">
<kw name="Go To Starting Page" library="resource" type="SETUP">
<kw name="Go To" library="SeleniumLibrary">
<arg>${HOME_URL}</arg>
<doc>Navigates the current browser window to the provided ``url``.</doc>
<msg timestamp="20231120 14:52:21.759" level="INFO">Opening url 'http://localhost:5001'</msg>
<status status="PASS" starttime="20231120 14:52:21.759" endtime="20231120 14:52:22.279"/>
</kw>
<status status="PASS" starttime="20231120 14:52:21.759" endtime="20231120 14:52:22.279"/>
</kw>
<kw name="Go To Starting Page" library="resource">
<kw name="Go To" library="SeleniumLibrary">
<arg>${HOME_URL}</arg>
<doc>Navigates the current browser window to the provided ``url``.</doc>
<msg timestamp="20231120 14:52:22.280" level="INFO">Opening url 'http://localhost:5001'</msg>
<status status="PASS" starttime="20231120 14:52:22.279" endtime="20231120 14:52:22.788"/>
</kw>
<status status="PASS" starttime="20231120 14:52:22.279" endtime="20231120 14:52:22.788"/>
</kw>
<kw name="Click Link" library="SeleniumLibrary">
<arg>Register new user</arg>
<doc>Clicks a link identified by ``locator``.</doc>
<msg timestamp="20231120 14:52:22.789" level="INFO">Clicking link 'Register new user'.</msg>
<status status="PASS" starttime="20231120 14:52:22.788" endtime="20231120 14:52:24.345"/>
</kw>
<kw name="Register Page Should Be Open" library="resource">
<kw name="Title Should Be" library="SeleniumLibrary">
<arg>Register</arg>
<doc>Verifies that the current page title equals ``title``.</doc>
<msg timestamp="20231120 14:52:24.853" level="INFO">Page title is 'Register'.</msg>
<status status="PASS" starttime="20231120 14:52:24.345" endtime="20231120 14:52:24.853"/>
</kw>
<status status="PASS" starttime="20231120 14:52:24.345" endtime="20231120 14:52:24.853"/>
</kw>
<status status="PASS" starttime="20231120 14:52:21.759" endtime="20231120 14:52:24.853"/>
</test>
<kw name="Close Browser" library="SeleniumLibrary" type="TEARDOWN">
<doc>Closes the current browser.</doc>
<status status="PASS" starttime="20231120 14:52:24.854" endtime="20231120 14:52:27.399"/>
</kw>
<status status="PASS" starttime="20231120 14:52:14.834" endtime="20231120 14:52:27.399"/>
</suite>
<suite id="s1-s2" name="Login" source="C:\Users\tonni\Documents\Courses\ohtu\palautusrepositorio\viikko3\web-login\src\tests\login.robot">
<kw name="Open And Configure Browser" library="resource" type="SETUP">
<kw name="Evaluate" library="BuiltIn">
<var>${options}</var>
<arg>sys.modules['selenium.webdriver'].ChromeOptions()</arg>
<arg>sys</arg>
<doc>Evaluates the given expression in Python and returns the result.</doc>
<msg timestamp="20231120 14:52:27.404" level="INFO">${options} = &lt;selenium.webdriver.chrome.options.Options object at 0x000001F289676EC0&gt;</msg>
<status status="PASS" starttime="20231120 14:52:27.404" endtime="20231120 14:52:27.404"/>
</kw>
<kw name="Open Browser" library="SeleniumLibrary">
<arg>browser=chrome</arg>
<arg>options=${options}</arg>
<doc>Opens a new browser instance to the optional ``url``.</doc>
<msg timestamp="20231120 14:52:27.405" level="INFO">Opening browser 'chrome' to base url 'None'.</msg>
<status status="PASS" starttime="20231120 14:52:27.404" endtime="20231120 14:52:28.590"/>
</kw>
<kw name="Set Selenium Speed" library="SeleniumLibrary">
<arg>${DELAY}</arg>
<doc>Sets the delay that is waited after each Selenium command.</doc>
<status status="PASS" starttime="20231120 14:52:28.590" endtime="20231120 14:52:28.590"/>
</kw>
<status status="PASS" starttime="20231120 14:52:27.404" endtime="20231120 14:52:28.590"/>
</kw>
<test id="s1-s2-t1" name="Login With Correct Credentials" line="8">
<kw name="Create User And Go To Login Page" type="SETUP">
<kw name="Create User" library="AppLibrary">
<arg>kalle</arg>
<arg>kalle123</arg>
<status status="PASS" starttime="20231120 14:52:28.591" endtime="20231120 14:52:34.703"/>
</kw>
<kw name="Go To Login Page" library="resource">
<kw name="Go To" library="SeleniumLibrary">
<arg>${LOGIN_URL}</arg>
<doc>Navigates the current browser window to the provided ``url``.</doc>
<msg timestamp="20231120 14:52:34.704" level="INFO">Opening url 'http://localhost:5001/login'</msg>
<status status="PASS" starttime="20231120 14:52:34.704" endtime="20231120 14:52:35.545"/>
</kw>
<status status="PASS" starttime="20231120 14:52:34.704" endtime="20231120 14:52:35.545"/>
</kw>
<kw name="Login Page Should Be Open" library="resource">
<kw name="Title Should Be" library="SeleniumLibrary">
<arg>Login</arg>
<doc>Verifies that the current page title equals ``title``.</doc>
<msg timestamp="20231120 14:52:36.052" level="INFO">Page title is 'Login'.</msg>
<status status="PASS" starttime="20231120 14:52:35.545" endtime="20231120 14:52:36.052"/>
</kw>
<status status="PASS" starttime="20231120 14:52:35.545" endtime="20231120 14:52:36.052"/>
</kw>
<status status="PASS" starttime="20231120 14:52:28.591" endtime="20231120 14:52:36.052"/>
</kw>
<kw name="Set Username">
<arg>kalle</arg>
<kw name="Input Text" library="SeleniumLibrary">
<arg>username</arg>
<arg>${username}</arg>
<doc>Types the given ``text`` into the text field identified by ``locator``.</doc>
<msg timestamp="20231120 14:52:36.052" level="INFO">Typing text 'kalle' into text field 'username'.</msg>
<status status="PASS" starttime="20231120 14:52:36.052" endtime="20231120 14:52:37.621"/>
</kw>
<status status="PASS" starttime="20231120 14:52:36.052" endtime="20231120 14:52:37.621"/>
</kw>
<kw name="Set Password">
<arg>kalle123</arg>
<kw name="Input Password" library="SeleniumLibrary">
<arg>password</arg>
<arg>${password}</arg>
<doc>Types the given password into the text field identified by ``locator``.</doc>
<msg timestamp="20231120 14:52:37.622" level="INFO">Typing password into text field 'password'.</msg>
<msg timestamp="20231120 14:52:38.662" level="INFO">Temporally setting log level to: NONE</msg>
<msg timestamp="20231120 14:52:39.202" level="INFO">Log level changed from NONE to INFO.</msg>
<status status="PASS" starttime="20231120 14:52:37.622" endtime="20231120 14:52:39.202"/>
</kw>
<status status="PASS" starttime="20231120 14:52:37.621" endtime="20231120 14:52:39.202"/>
</kw>
<kw name="Submit Credentials">
<kw name="Click Button" library="SeleniumLibrary">
<arg>Login</arg>
<doc>Clicks the button identified by ``locator``.</doc>
<msg timestamp="20231120 14:52:39.203" level="INFO">Clicking button 'Login'.</msg>
<status status="PASS" starttime="20231120 14:52:39.202" endtime="20231120 14:52:41.577"/>
</kw>
<status status="PASS" starttime="20231120 14:52:39.202" endtime="20231120 14:52:41.577"/>
</kw>
<kw name="Login Should Succeed">
<kw name="Main Page Should Be Open" library="resource">
<kw name="Title Should Be" library="SeleniumLibrary">
<arg>Ohtu Application main page</arg>
<doc>Verifies that the current page title equals ``title``.</doc>
<msg timestamp="20231120 14:52:42.086" level="INFO">Page title is 'Ohtu Application main page'.</msg>
<status status="PASS" starttime="20231120 14:52:41.577" endtime="20231120 14:52:42.086"/>
</kw>
<status status="PASS" starttime="20231120 14:52:41.577" endtime="20231120 14:52:42.086"/>
</kw>
<status status="PASS" starttime="20231120 14:52:41.577" endtime="20231120 14:52:42.086"/>
</kw>
<status status="PASS" starttime="20231120 14:52:28.591" endtime="20231120 14:52:42.086"/>
</test>
<test id="s1-s2-t2" name="Login With Incorrect Password" line="14">
<kw name="Create User And Go To Login Page" type="SETUP">
<kw name="Create User" library="AppLibrary">
<arg>kalle</arg>
<arg>kalle123</arg>
<status status="PASS" starttime="20231120 14:52:42.088" endtime="20231120 14:52:48.189"/>
</kw>
<kw name="Go To Login Page" library="resource">
<kw name="Go To" library="SeleniumLibrary">
<arg>${LOGIN_URL}</arg>
<doc>Navigates the current browser window to the provided ``url``.</doc>
<msg timestamp="20231120 14:52:48.190" level="INFO">Opening url 'http://localhost:5001/login'</msg>
<status status="PASS" starttime="20231120 14:52:48.190" endtime="20231120 14:52:49.015"/>
</kw>
<status status="PASS" starttime="20231120 14:52:48.189" endtime="20231120 14:52:49.015"/>
</kw>
<kw name="Login Page Should Be Open" library="resource">
<kw name="Title Should Be" library="SeleniumLibrary">
<arg>Login</arg>
<doc>Verifies that the current page title equals ``title``.</doc>
<msg timestamp="20231120 14:52:49.519" level="INFO">Page title is 'Login'.</msg>
<status status="PASS" starttime="20231120 14:52:49.015" endtime="20231120 14:52:49.519"/>
</kw>
<status status="PASS" starttime="20231120 14:52:49.015" endtime="20231120 14:52:49.519"/>
</kw>
<status status="PASS" starttime="20231120 14:52:42.087" endtime="20231120 14:52:49.519"/>
</kw>
<kw name="Set Username">
<arg>kalle</arg>
<kw name="Input Text" library="SeleniumLibrary">
<arg>username</arg>
<arg>${username}</arg>
<doc>Types the given ``text`` into the text field identified by ``locator``.</doc>
<msg timestamp="20231120 14:52:49.520" level="INFO">Typing text 'kalle' into text field 'username'.</msg>
<status status="PASS" starttime="20231120 14:52:49.519" endtime="20231120 14:52:51.088"/>
</kw>
<status status="PASS" starttime="20231120 14:52:49.519" endtime="20231120 14:52:51.088"/>
</kw>
<kw name="Set Password">
<arg>kalle456</arg>
<kw name="Input Password" library="SeleniumLibrary">
<arg>password</arg>
<arg>${password}</arg>
<doc>Types the given password into the text field identified by ``locator``.</doc>
<msg timestamp="20231120 14:52:51.089" level="INFO">Typing password into text field 'password'.</msg>
<msg timestamp="20231120 14:52:52.122" level="INFO">Temporally setting log level to: NONE</msg>
<msg timestamp="20231120 14:52:52.659" level="INFO">Log level changed from NONE to INFO.</msg>
<status status="PASS" starttime="20231120 14:52:51.088" endtime="20231120 14:52:52.660"/>
</kw>
<status status="PASS" starttime="20231120 14:52:51.088" endtime="20231120 14:52:52.660"/>
</kw>
<kw name="Submit Credentials">
<kw name="Click Button" library="SeleniumLibrary">
<arg>Login</arg>
<doc>Clicks the button identified by ``locator``.</doc>
<msg timestamp="20231120 14:52:52.661" level="INFO">Clicking button 'Login'.</msg>
<status status="PASS" starttime="20231120 14:52:52.660" endtime="20231120 14:52:54.730"/>
</kw>
<status status="PASS" starttime="20231120 14:52:52.660" endtime="20231120 14:52:54.730"/>
</kw>
<kw name="Login Should Fail With Message">
<arg>Invalid username or password</arg>
<kw name="Login Page Should Be Open" library="resource">
<kw name="Title Should Be" library="SeleniumLibrary">
<arg>Login</arg>
<doc>Verifies that the current page title equals ``title``.</doc>
<msg timestamp="20231120 14:52:55.234" level="INFO">Page title is 'Login'.</msg>
<status status="PASS" starttime="20231120 14:52:54.731" endtime="20231120 14:52:55.234"/>
</kw>
<status status="PASS" starttime="20231120 14:52:54.730" endtime="20231120 14:52:55.234"/>
</kw>
<kw name="Page Should Contain" library="SeleniumLibrary">
<arg>${message}</arg>
<doc>Verifies that current page contains ``text``.</doc>
<msg timestamp="20231120 14:52:56.265" level="INFO">Current page contains text 'Invalid username or password'.</msg>
<status status="PASS" starttime="20231120 14:52:55.234" endtime="20231120 14:52:56.265"/>
</kw>
<status status="PASS" starttime="20231120 14:52:54.730" endtime="20231120 14:52:56.265"/>
</kw>
<status status="PASS" starttime="20231120 14:52:42.087" endtime="20231120 14:52:56.265"/>
</test>
<test id="s1-s2-t3" name="Login With Nonexistent Username" line="20">
<kw name="Create User And Go To Login Page" type="SETUP">
<kw name="Create User" library="AppLibrary">
<arg>kalle</arg>
<arg>kalle123</arg>
<status status="PASS" starttime="20231120 14:52:56.266" endtime="20231120 14:53:02.361"/>
</kw>
<kw name="Go To Login Page" library="resource">
<kw name="Go To" library="SeleniumLibrary">
<arg>${LOGIN_URL}</arg>
<doc>Navigates the current browser window to the provided ``url``.</doc>
<msg timestamp="20231120 14:53:02.362" level="INFO">Opening url 'http://localhost:5001/login'</msg>
<status status="PASS" starttime="20231120 14:53:02.362" endtime="20231120 14:53:03.183"/>
</kw>
<status status="PASS" starttime="20231120 14:53:02.362" endtime="20231120 14:53:03.183"/>
</kw>
<kw name="Login Page Should Be Open" library="resource">
<kw name="Title Should Be" library="SeleniumLibrary">
<arg>Login</arg>
<doc>Verifies that the current page title equals ``title``.</doc>
<msg timestamp="20231120 14:53:03.689" level="INFO">Page title is 'Login'.</msg>
<status status="PASS" starttime="20231120 14:53:03.183" endtime="20231120 14:53:03.689"/>
</kw>
<status status="PASS" starttime="20231120 14:53:03.183" endtime="20231120 14:53:03.689"/>
</kw>
<status status="PASS" starttime="20231120 14:52:56.266" endtime="20231120 14:53:03.689"/>
</kw>
<kw name="Set Username">
<arg>testi</arg>
<kw name="Input Text" library="SeleniumLibrary">
<arg>username</arg>
<arg>${username}</arg>
<doc>Types the given ``text`` into the text field identified by ``locator``.</doc>
<msg timestamp="20231120 14:53:03.690" level="INFO">Typing text 'testi' into text field 'username'.</msg>
<status status="PASS" starttime="20231120 14:53:03.690" endtime="20231120 14:53:05.257"/>
</kw>
<status status="PASS" starttime="20231120 14:53:03.690" endtime="20231120 14:53:05.257"/>
</kw>
<kw name="Set Password">
<arg>testi123</arg>
<kw name="Input Password" library="SeleniumLibrary">
<arg>password</arg>
<arg>${password}</arg>
<doc>Types the given password into the text field identified by ``locator``.</doc>
<msg timestamp="20231120 14:53:05.258" level="INFO">Typing password into text field 'password'.</msg>
<msg timestamp="20231120 14:53:06.289" level="INFO">Temporally setting log level to: NONE</msg>
<msg timestamp="20231120 14:53:06.814" level="INFO">Log level changed from NONE to INFO.</msg>
<status status="PASS" starttime="20231120 14:53:05.257" endtime="20231120 14:53:06.814"/>
</kw>
<status status="PASS" starttime="20231120 14:53:05.257" endtime="20231120 14:53:06.814"/>
</kw>
<kw name="Submit Credentials">
<kw name="Click Button" library="SeleniumLibrary">
<arg>Login</arg>
<doc>Clicks the button identified by ``locator``.</doc>
<msg timestamp="20231120 14:53:06.815" level="INFO">Clicking button 'Login'.</msg>
<status status="PASS" starttime="20231120 14:53:06.814" endtime="20231120 14:53:08.876"/>
</kw>
<status status="PASS" starttime="20231120 14:53:06.814" endtime="20231120 14:53:08.876"/>
</kw>
<kw name="Login Should Fail With Message">
<arg>Invalid username or password</arg>
<kw name="Login Page Should Be Open" library="resource">
<kw name="Title Should Be" library="SeleniumLibrary">
<arg>Login</arg>
<doc>Verifies that the current page title equals ``title``.</doc>
<msg timestamp="20231120 14:53:09.382" level="INFO">Page title is 'Login'.</msg>
<status status="PASS" starttime="20231120 14:53:08.877" endtime="20231120 14:53:09.382"/>
</kw>
<status status="PASS" starttime="20231120 14:53:08.876" endtime="20231120 14:53:09.382"/>
</kw>
<kw name="Page Should Contain" library="SeleniumLibrary">
<arg>${message}</arg>
<doc>Verifies that current page contains ``text``.</doc>
<msg timestamp="20231120 14:53:10.405" level="INFO">Current page contains text 'Invalid username or password'.</msg>
<status status="PASS" starttime="20231120 14:53:09.382" endtime="20231120 14:53:10.405"/>
</kw>
<status status="PASS" starttime="20231120 14:53:08.876" endtime="20231120 14:53:10.405"/>
</kw>
<status status="PASS" starttime="20231120 14:52:56.266" endtime="20231120 14:53:10.405"/>
</test>
<kw name="Close Browser" library="SeleniumLibrary" type="TEARDOWN">
<doc>Closes the current browser.</doc>
<status status="PASS" starttime="20231120 14:53:10.406" endtime="20231120 14:53:12.963"/>
</kw>
<status status="PASS" starttime="20231120 14:52:27.400" endtime="20231120 14:53:12.963"/>
</suite>
<status status="PASS" starttime="20231120 14:52:14.818" endtime="20231120 14:53:12.964"/>
</suite>
<statistics>
<total>
<stat pass="5" fail="0" skip="0">All Tests</stat>
</total>
<tag>
</tag>
<suite>
<stat pass="5" fail="0" skip="0" id="s1" name="Tests">Tests</stat>
<stat pass="2" fail="0" skip="0" id="s1-s1" name="Home">Tests.Home</stat>
<stat pass="3" fail="0" skip="0" id="s1-s2" name="Login">Tests.Login</stat>
</suite>
</statistics>
<errors>
</errors>
</robot>
