<?xml version="1.0" encoding="UTF-8"?>
<robot generator="Robot 6.1.1 (Python 3.10.13 on win32)" generated="20231120 14:46:07.355" rpa="false" schemaversion="4">
<suite id="s1" name="Tests" source="C:\Users\tonni\Documents\Courses\ohtu\palautusrepositorio\viikko3\web-login\src\tests">
<suite id="s1-s1" name="Home" source="C:\Users\tonni\Documents\Courses\ohtu\palautusrepositorio\viikko3\web-login\src\tests\home.robot">
<kw name="Open And Configure Browser" library="resource" type="SETUP">
<kw name="Evaluate" library="BuiltIn">
<var>${options}</var>
<arg>sys.modules['selenium.webdriver'].ChromeOptions()</arg>
<arg>sys</arg>
<doc>Evaluates the given expression in Python and returns the result.</doc>
<msg timestamp="20231120 14:46:09.584" level="INFO">${options} = &lt;selenium.webdriver.chrome.options.Options object at 0x000002340F012CB0&gt;</msg>
<status status="PASS" starttime="20231120 14:46:09.584" endtime="20231120 14:46:09.584"/>
</kw>
<kw name="Open Browser" library="SeleniumLibrary">
<arg>browser=chrome</arg>
<arg>options=${options}</arg>
<doc>Opens a new browser instance to the optional ``url``.</doc>
<msg timestamp="20231120 14:46:09.585" level="INFO">Opening browser 'chrome' to base url 'None'.</msg>
<status status="PASS" starttime="20231120 14:46:09.584" endtime="20231120 14:46:10.799"/>
</kw>
<kw name="Set Selenium Speed" library="SeleniumLibrary">
<arg>${DELAY}</arg>
<doc>Sets the delay that is waited after each Selenium command.</doc>
<status status="PASS" starttime="20231120 14:46:10.799" endtime="20231120 14:46:10.799"/>
</kw>
<status status="PASS" starttime="20231120 14:46:09.584" endtime="20231120 14:46:10.799"/>
</kw>
<test id="s1-s1-t1" name="Click Login Link" line="8">
<kw name="Go To Starting Page" library="resource" type="SETUP">
<kw name="Go To" library="SeleniumLibrary">
<arg>${HOME_URL}</arg>
<doc>Navigates the current browser window to the provided ``url``.</doc>
<msg timestamp="20231120 14:46:10.800" level="INFO">Opening url 'http://localhost:5001'</msg>
<status status="PASS" starttime="20231120 14:46:10.800" endtime="20231120 14:46:11.643"/>
</kw>
<status status="PASS" starttime="20231120 14:46:10.800" endtime="20231120 14:46:11.643"/>
</kw>
<kw name="Go To Starting Page" library="resource">
<kw name="Go To" library="SeleniumLibrary">
<arg>${HOME_URL}</arg>
<doc>Navigates the current browser window to the provided ``url``.</doc>
<msg timestamp="20231120 14:46:11.644" level="INFO">Opening url 'http://localhost:5001'</msg>
<status status="PASS" starttime="20231120 14:46:11.643" endtime="20231120 14:46:12.163"/>
</kw>
<status status="PASS" starttime="20231120 14:46:11.643" endtime="20231120 14:46:12.163"/>
</kw>
<kw name="Click Link" library="SeleniumLibrary">
<arg>Login</arg>
<doc>Clicks a link identified by ``locator``.</doc>
<msg timestamp="20231120 14:46:12.164" level="INFO">Clicking link 'Login'.</msg>
<status status="PASS" starttime="20231120 14:46:12.163" endtime="20231120 14:46:13.729"/>
</kw>
<kw name="Login Page Should Be Open" library="resource">
<kw name="Title Should Be" library="SeleniumLibrary">
<arg>Login</arg>
<doc>Verifies that the current page title equals ``title``.</doc>
<msg timestamp="20231120 14:46:14.237" level="INFO">Page title is 'Login'.</msg>
<status status="PASS" starttime="20231120 14:46:13.729" endtime="20231120 14:46:14.237"/>
</kw>
<status status="PASS" starttime="20231120 14:46:13.729" endtime="20231120 14:46:14.237"/>
</kw>
<status status="PASS" starttime="20231120 14:46:10.799" endtime="20231120 14:46:14.237"/>
</test>
<test id="s1-s1-t2" name="Click Register Link" line="13">
<kw name="Go To Starting Page" library="resource" type="SETUP">
<kw name="Go To" library="SeleniumLibrary">
<arg>${HOME_URL}</arg>
<doc>Navigates the current browser window to the provided ``url``.</doc>
<msg timestamp="20231120 14:46:14.238" level="INFO">Opening url 'http://localhost:5001'</msg>
<status status="PASS" starttime="20231120 14:46:14.238" endtime="20231120 14:46:14.759"/>
</kw>
<status status="PASS" starttime="20231120 14:46:14.238" endtime="20231120 14:46:14.759"/>
</kw>
<kw name="Go To Starting Page" library="resource">
<kw name="Go To" library="SeleniumLibrary">
<arg>${HOME_URL}</arg>
<doc>Navigates the current browser window to the provided ``url``.</doc>
<msg timestamp="20231120 14:46:14.760" level="INFO">Opening url 'http://localhost:5001'</msg>
<status status="PASS" starttime="20231120 14:46:14.760" endtime="20231120 14:46:15.283"/>
</kw>
<status status="PASS" starttime="20231120 14:46:14.759" endtime="20231120 14:46:15.283"/>
</kw>
<kw name="Click Link" library="SeleniumLibrary">
<arg>Register new user</arg>
<doc>Clicks a link identified by ``locator``.</doc>
<msg timestamp="20231120 14:46:15.284" level="INFO">Clicking link 'Register new user'.</msg>
<status status="PASS" starttime="20231120 14:46:15.283" endtime="20231120 14:46:16.843"/>
</kw>
<kw name="Register Page Should Be Open" library="resource">
<kw name="Title Should Be" library="SeleniumLibrary">
<arg>Register</arg>
<doc>Verifies that the current page title equals ``title``.</doc>
<msg timestamp="20231120 14:46:17.352" level="INFO">Page title is 'Register'.</msg>
<status status="PASS" starttime="20231120 14:46:16.843" endtime="20231120 14:46:17.352"/>
</kw>
<status status="PASS" starttime="20231120 14:46:16.843" endtime="20231120 14:46:17.352"/>
</kw>
<status status="PASS" starttime="20231120 14:46:14.238" endtime="20231120 14:46:17.353"/>
</test>
<kw name="Close Browser" library="SeleniumLibrary" type="TEARDOWN">
<doc>Closes the current browser.</doc>
<status status="PASS" starttime="20231120 14:46:17.354" endtime="20231120 14:46:19.906"/>
</kw>
<status status="PASS" starttime="20231120 14:46:07.371" endtime="20231120 14:46:19.906"/>
</suite>
<suite id="s1-s2" name="Login" source="C:\Users\tonni\Documents\Courses\ohtu\palautusrepositorio\viikko3\web-login\src\tests\login.robot">
<kw name="Open And Configure Browser" library="resource" type="SETUP">
<kw name="Evaluate" library="BuiltIn">
<var>${options}</var>
<arg>sys.modules['selenium.webdriver'].ChromeOptions()</arg>
<arg>sys</arg>
<doc>Evaluates the given expression in Python and returns the result.</doc>
<msg timestamp="20231120 14:46:19.911" level="INFO">${options} = &lt;selenium.webdriver.chrome.options.Options object at 0x000002340F012920&gt;</msg>
<status status="PASS" starttime="20231120 14:46:19.911" endtime="20231120 14:46:19.911"/>
</kw>
<kw name="Open Browser" library="SeleniumLibrary">
<arg>browser=chrome</arg>
<arg>options=${options}</arg>
<doc>Opens a new browser instance to the optional ``url``.</doc>
<msg timestamp="20231120 14:46:19.912" level="INFO">Opening browser 'chrome' to base url 'None'.</msg>
<status status="PASS" starttime="20231120 14:46:19.911" endtime="20231120 14:46:21.092"/>
</kw>
<kw name="Set Selenium Speed" library="SeleniumLibrary">
<arg>${DELAY}</arg>
<doc>Sets the delay that is waited after each Selenium command.</doc>
<status status="PASS" starttime="20231120 14:46:21.092" endtime="20231120 14:46:21.092"/>
</kw>
<status status="PASS" starttime="20231120 14:46:19.911" endtime="20231120 14:46:21.092"/>
</kw>
<test id="s1-s2-t1" name="Login With Correct Credentials" line="8">
<kw name="Create User And Go To Login Page" type="SETUP">
<kw name="Create User" library="AppLibrary">
<arg>kalle</arg>
<arg>kalle123</arg>
<status status="PASS" starttime="20231120 14:46:21.093" endtime="20231120 14:46:27.199"/>
</kw>
<kw name="Go To Login Page" library="resource">
<kw name="Go To" library="SeleniumLibrary">
<arg>${LOGIN_URL}</arg>
<doc>Navigates the current browser window to the provided ``url``.</doc>
<msg timestamp="20231120 14:46:27.200" level="INFO">Opening url 'http://localhost:5001/login'</msg>
<status status="PASS" starttime="20231120 14:46:27.200" endtime="20231120 14:46:28.039"/>
</kw>
<status status="PASS" starttime="20231120 14:46:27.200" endtime="20231120 14:46:28.039"/>
</kw>
<kw name="Login Page Should Be Open" library="resource">
<kw name="Title Should Be" library="SeleniumLibrary">
<arg>Login</arg>
<doc>Verifies that the current page title equals ``title``.</doc>
<msg timestamp="20231120 14:46:28.556" level="INFO">Page title is 'Login'.</msg>
<status status="PASS" starttime="20231120 14:46:28.039" endtime="20231120 14:46:28.556"/>
</kw>
<status status="PASS" starttime="20231120 14:46:28.039" endtime="20231120 14:46:28.556"/>
</kw>
<status status="PASS" starttime="20231120 14:46:21.093" endtime="20231120 14:46:28.556"/>
</kw>
<kw name="Set Username">
<arg>kalle</arg>
<kw name="Input Text" library="SeleniumLibrary">
<arg>username</arg>
<arg>${username}</arg>
<doc>Types the given ``text`` into the text field identified by ``locator``.</doc>
<msg timestamp="20231120 14:46:28.557" level="INFO">Typing text 'kalle' into text field 'username'.</msg>
<status status="PASS" starttime="20231120 14:46:28.557" endtime="20231120 14:46:30.123"/>
</kw>
<status status="PASS" starttime="20231120 14:46:28.556" endtime="20231120 14:46:30.123"/>
</kw>
<kw name="Set Password">
<arg>kalle123</arg>
<kw name="Input Password" library="SeleniumLibrary">
<arg>password</arg>
<arg>${password}</arg>
<doc>Types the given password into the text field identified by ``locator``.</doc>
<msg timestamp="20231120 14:46:30.124" level="INFO">Typing password into text field 'password'.</msg>
<msg timestamp="20231120 14:46:31.170" level="INFO">Temporally setting log level to: NONE</msg>
<msg timestamp="20231120 14:46:31.707" level="INFO">Log level changed from NONE to INFO.</msg>
<status status="PASS" starttime="20231120 14:46:30.124" endtime="20231120 14:46:31.707"/>
</kw>
<status status="PASS" starttime="20231120 14:46:30.123" endtime="20231120 14:46:31.707"/>
</kw>
<kw name="Submit Credentials">
<kw name="Click Button" library="SeleniumLibrary">
<arg>Login</arg>
<doc>Clicks the button identified by ``locator``.</doc>
<msg timestamp="20231120 14:46:31.708" level="INFO">Clicking button 'Login'.</msg>
<status status="PASS" starttime="20231120 14:46:31.708" endtime="20231120 14:46:34.060"/>
</kw>
<status status="PASS" starttime="20231120 14:46:31.707" endtime="20231120 14:46:34.060"/>
</kw>
<kw name="Login Should Succeed">
<kw name="Main Page Should Be Open" library="resource">
<kw name="Title Should Be" library="SeleniumLibrary">
<arg>Ohtu Application main page</arg>
<doc>Verifies that the current page title equals ``title``.</doc>
<msg timestamp="20231120 14:46:34.565" level="INFO">Page title is 'Ohtu Application main page'.</msg>
<status status="PASS" starttime="20231120 14:46:34.060" endtime="20231120 14:46:34.565"/>
</kw>
<status status="PASS" starttime="20231120 14:46:34.060" endtime="20231120 14:46:34.565"/>
</kw>
<status status="PASS" starttime="20231120 14:46:34.060" endtime="20231120 14:46:34.565"/>
</kw>
<status status="PASS" starttime="20231120 14:46:21.092" endtime="20231120 14:46:34.565"/>
</test>
<test id="s1-s2-t2" name="Login With Incorrect Password" line="14">
<kw name="Create User And Go To Login Page" type="SETUP">
<kw name="Create User" library="AppLibrary">
<arg>kalle</arg>
<arg>kalle123</arg>
<status status="PASS" starttime="20231120 14:46:34.566" endtime="20231120 14:46:40.653"/>
</kw>
<kw name="Go To Login Page" library="resource">
<kw name="Go To" library="SeleniumLibrary">
<arg>${LOGIN_URL}</arg>
<doc>Navigates the current browser window to the provided ``url``.</doc>
<msg timestamp="20231120 14:46:40.654" level="INFO">Opening url 'http://localhost:5001/login'</msg>
<status status="PASS" starttime="20231120 14:46:40.654" endtime="20231120 14:46:41.490"/>
</kw>
<status status="PASS" starttime="20231120 14:46:40.654" endtime="20231120 14:46:41.490"/>
</kw>
<kw name="Login Page Should Be Open" library="resource">
<kw name="Title Should Be" library="SeleniumLibrary">
<arg>Login</arg>
<doc>Verifies that the current page title equals ``title``.</doc>
<msg timestamp="20231120 14:46:41.996" level="INFO">Page title is 'Login'.</msg>
<status status="PASS" starttime="20231120 14:46:41.490" endtime="20231120 14:46:41.996"/>
</kw>
<status status="PASS" starttime="20231120 14:46:41.490" endtime="20231120 14:46:41.996"/>
</kw>
<status status="PASS" starttime="20231120 14:46:34.566" endtime="20231120 14:46:41.996"/>
</kw>
<kw name="Set Username">
<arg>kalle</arg>
<kw name="Input Text" library="SeleniumLibrary">
<arg>username</arg>
<arg>${username}</arg>
<doc>Types the given ``text`` into the text field identified by ``locator``.</doc>
<msg timestamp="20231120 14:46:41.997" level="INFO">Typing text 'kalle' into text field 'username'.</msg>
<status status="PASS" starttime="20231120 14:46:41.997" endtime="20231120 14:46:43.564"/>
</kw>
<status status="PASS" starttime="20231120 14:46:41.996" endtime="20231120 14:46:43.564"/>
</kw>
<kw name="Set Password">
<arg>kalle456</arg>
<kw name="Input Password" library="SeleniumLibrary">
<arg>password</arg>
<arg>${password}</arg>
<doc>Types the given password into the text field identified by ``locator``.</doc>
<msg timestamp="20231120 14:46:43.565" level="INFO">Typing password into text field 'password'.</msg>
<msg timestamp="20231120 14:46:44.609" level="INFO">Temporally setting log level to: NONE</msg>
<msg timestamp="20231120 14:46:45.148" level="INFO">Log level changed from NONE to INFO.</msg>
<status status="PASS" starttime="20231120 14:46:43.565" endtime="20231120 14:46:45.148"/>
</kw>
<status status="PASS" starttime="20231120 14:46:43.564" endtime="20231120 14:46:45.148"/>
</kw>
<kw name="Submit Credentials">
<kw name="Click Button" library="SeleniumLibrary">
<arg>Login</arg>
<doc>Clicks the button identified by ``locator``.</doc>
<msg timestamp="20231120 14:46:45.149" level="INFO">Clicking button 'Login'.</msg>
<status status="PASS" starttime="20231120 14:46:45.149" endtime="20231120 14:46:47.200"/>
</kw>
<status status="PASS" starttime="20231120 14:46:45.149" endtime="20231120 14:46:47.200"/>
</kw>
<kw name="Login Should Fail With Message">
<arg>Invalid username or password</arg>
<kw name="Login Page Should Be Open" library="resource">
<kw name="Title Should Be" library="SeleniumLibrary">
<arg>Login</arg>
<doc>Verifies that the current page title equals ``title``.</doc>
<msg timestamp="20231120 14:46:47.705" level="INFO">Page title is 'Login'.</msg>
<status status="PASS" starttime="20231120 14:46:47.201" endtime="20231120 14:46:47.705"/>
</kw>
<status status="PASS" starttime="20231120 14:46:47.201" endtime="20231120 14:46:47.705"/>
</kw>
<kw name="Page Should Contain" library="SeleniumLibrary">
<arg>${message}</arg>
<doc>Verifies that current page contains ``text``.</doc>
<msg timestamp="20231120 14:46:48.735" level="INFO">Current page contains text 'Invalid username or password'.</msg>
<status status="PASS" starttime="20231120 14:46:47.705" endtime="20231120 14:46:48.735"/>
</kw>
<status status="PASS" starttime="20231120 14:46:47.201" endtime="20231120 14:46:48.735"/>
</kw>
<status status="PASS" starttime="20231120 14:46:34.566" endtime="20231120 14:46:48.736"/>
</test>
<kw name="Close Browser" library="SeleniumLibrary" type="TEARDOWN">
<doc>Closes the current browser.</doc>
<status status="PASS" starttime="20231120 14:46:48.736" endtime="20231120 14:46:51.285"/>
</kw>
<status status="PASS" starttime="20231120 14:46:19.907" endtime="20231120 14:46:51.285"/>
</suite>
<status status="PASS" starttime="20231120 14:46:07.356" endtime="20231120 14:46:51.286"/>
</suite>
<statistics>
<total>
<stat pass="4" fail="0" skip="0">All Tests</stat>
</total>
<tag>
</tag>
<suite>
<stat pass="4" fail="0" skip="0" id="s1" name="Tests">Tests</stat>
<stat pass="2" fail="0" skip="0" id="s1-s1" name="Home">Tests.Home</stat>
<stat pass="2" fail="0" skip="0" id="s1-s2" name="Login">Tests.Login</stat>
</suite>
</statistics>
<errors>
</errors>
</robot>
