<?xml version="1.0" encoding="UTF-8"?>
<robot generator="Robot 6.1.1 (Python 3.10.13 on win32)" generated="20231120 15:34:57.110" rpa="false" schemaversion="4">
<suite id="s1" name="Register" source="C:\Users\tonni\Documents\Courses\ohtu\palautusrepositorio\viikko3\web-login\src\tests\register.robot">
<kw name="Open And Configure Browser" library="resource" type="SETUP">
<kw name="Evaluate" library="BuiltIn">
<var>${options}</var>
<arg>sys.modules['selenium.webdriver'].ChromeOptions()</arg>
<arg>sys</arg>
<doc>Evaluates the given expression in Python and returns the result.</doc>
<msg timestamp="20231120 15:34:59.314" level="INFO">${options} = &lt;selenium.webdriver.chrome.options.Options object at 0x000002981C8CE530&gt;</msg>
<status status="PASS" starttime="20231120 15:34:59.314" endtime="20231120 15:34:59.315"/>
</kw>
<kw name="Open Browser" library="SeleniumLibrary">
<arg>browser=chrome</arg>
<arg>options=${options}</arg>
<doc>Opens a new browser instance to the optional ``url``.</doc>
<msg timestamp="20231120 15:34:59.315" level="INFO">Opening browser 'chrome' to base url 'None'.</msg>
<status status="PASS" starttime="20231120 15:34:59.315" endtime="20231120 15:35:00.539"/>
</kw>
<kw name="Set Selenium Speed" library="SeleniumLibrary">
<arg>${DELAY}</arg>
<doc>Sets the delay that is waited after each Selenium command.</doc>
<status status="PASS" starttime="20231120 15:35:00.539" endtime="20231120 15:35:00.539"/>
</kw>
<status status="PASS" starttime="20231120 15:34:59.314" endtime="20231120 15:35:00.539"/>
</kw>
<test id="s1-t1" name="Register With Valid Username And Password" line="8">
<kw name="Go To Register Page" library="resource" type="SETUP">
<kw name="Go To" library="SeleniumLibrary">
<arg>${REGISTER_URL}</arg>
<doc>Navigates the current browser window to the provided ``url``.</doc>
<msg timestamp="20231120 15:35:00.540" level="INFO">Opening url 'http://localhost:5001/register'</msg>
<status status="PASS" starttime="20231120 15:35:00.540" endtime="20231120 15:35:01.383"/>
</kw>
<status status="PASS" starttime="20231120 15:35:00.540" endtime="20231120 15:35:01.383"/>
</kw>
<kw name="Set Username">
<arg>testi</arg>
<kw name="Input Text" library="SeleniumLibrary">
<arg>username</arg>
<arg>${username}</arg>
<doc>Types the given ``text`` into the text field identified by ``locator``.</doc>
<msg timestamp="20231120 15:35:01.384" level="INFO">Typing text 'testi' into text field 'username'.</msg>
<status status="PASS" starttime="20231120 15:35:01.383" endtime="20231120 15:35:02.967"/>
</kw>
<status status="PASS" starttime="20231120 15:35:01.383" endtime="20231120 15:35:02.967"/>
</kw>
<kw name="Set Password">
<arg>testi123</arg>
<kw name="Input Password" library="SeleniumLibrary">
<arg>password</arg>
<arg>${password}</arg>
<doc>Types the given password into the text field identified by ``locator``.</doc>
<msg timestamp="20231120 15:35:02.968" level="INFO">Typing password into text field 'password'.</msg>
<msg timestamp="20231120 15:35:04.010" level="INFO">Temporally setting log level to: NONE</msg>
<msg timestamp="20231120 15:35:04.545" level="INFO">Log level changed from NONE to INFO.</msg>
<status status="PASS" starttime="20231120 15:35:02.967" endtime="20231120 15:35:04.545"/>
</kw>
<status status="PASS" starttime="20231120 15:35:02.967" endtime="20231120 15:35:04.545"/>
</kw>
<kw name="Set Password Confirmation">
<arg>testi123</arg>
<kw name="Input Password" library="SeleniumLibrary">
<arg>password_confirmation</arg>
<arg>${password}</arg>
<doc>Types the given password into the text field identified by ``locator``.</doc>
<msg timestamp="20231120 15:35:04.546" level="INFO">Typing password into text field 'password_confirmation'.</msg>
<msg timestamp="20231120 15:35:05.584" level="INFO">Temporally setting log level to: NONE</msg>
<msg timestamp="20231120 15:35:06.120" level="INFO">Log level changed from NONE to INFO.</msg>
<status status="PASS" starttime="20231120 15:35:04.546" endtime="20231120 15:35:06.120"/>
</kw>
<status status="PASS" starttime="20231120 15:35:04.545" endtime="20231120 15:35:06.120"/>
</kw>
<kw name="Submit Credentials">
<kw name="Click Button" library="SeleniumLibrary">
<arg>Register</arg>
<doc>Clicks the button identified by ``locator``.</doc>
<msg timestamp="20231120 15:35:06.121" level="INFO">Clicking button 'Register'.</msg>
<status status="PASS" starttime="20231120 15:35:06.121" endtime="20231120 15:35:08.514"/>
</kw>
<status status="PASS" starttime="20231120 15:35:06.120" endtime="20231120 15:35:08.514"/>
</kw>
<kw name="Register Should Succeed">
<kw name="Welcome Page Should Be Open" library="resource">
<kw name="Title Should Be" library="SeleniumLibrary">
<arg>Welcome to Ohtu Application!</arg>
<doc>Verifies that the current page title equals ``title``.</doc>
<msg timestamp="20231120 15:35:09.022" level="INFO">Page title is 'Welcome to Ohtu Application!'.</msg>
<status status="PASS" starttime="20231120 15:35:08.515" endtime="20231120 15:35:09.022"/>
</kw>
<status status="PASS" starttime="20231120 15:35:08.514" endtime="20231120 15:35:09.022"/>
</kw>
<status status="PASS" starttime="20231120 15:35:08.514" endtime="20231120 15:35:09.022"/>
</kw>
<status status="PASS" starttime="20231120 15:35:00.540" endtime="20231120 15:35:09.022"/>
</test>
<test id="s1-t2" name="Register With Too Short Username And Valid Password" line="15">
<kw name="Go To Register Page" library="resource" type="SETUP">
<kw name="Go To" library="SeleniumLibrary">
<arg>${REGISTER_URL}</arg>
<doc>Navigates the current browser window to the provided ``url``.</doc>
<msg timestamp="20231120 15:35:09.023" level="INFO">Opening url 'http://localhost:5001/register'</msg>
<status status="PASS" starttime="20231120 15:35:09.023" endtime="20231120 15:35:09.845"/>
</kw>
<status status="PASS" starttime="20231120 15:35:09.023" endtime="20231120 15:35:09.845"/>
</kw>
<kw name="Set Username">
<arg>a</arg>
<kw name="Input Text" library="SeleniumLibrary">
<arg>username</arg>
<arg>${username}</arg>
<doc>Types the given ``text`` into the text field identified by ``locator``.</doc>
<msg timestamp="20231120 15:35:09.846" level="INFO">Typing text 'a' into text field 'username'.</msg>
<status status="PASS" starttime="20231120 15:35:09.846" endtime="20231120 15:35:11.410"/>
</kw>
<status status="PASS" starttime="20231120 15:35:09.845" endtime="20231120 15:35:11.410"/>
</kw>
<kw name="Set Password">
<arg>testi123</arg>
<kw name="Input Password" library="SeleniumLibrary">
<arg>password</arg>
<arg>${password}</arg>
<doc>Types the given password into the text field identified by ``locator``.</doc>
<msg timestamp="20231120 15:35:11.411" level="INFO">Typing password into text field 'password'.</msg>
<msg timestamp="20231120 15:35:12.445" level="INFO">Temporally setting log level to: NONE</msg>
<msg timestamp="20231120 15:35:12.979" level="INFO">Log level changed from NONE to INFO.</msg>
<status status="PASS" starttime="20231120 15:35:11.411" endtime="20231120 15:35:12.979"/>
</kw>
<status status="PASS" starttime="20231120 15:35:11.410" endtime="20231120 15:35:12.979"/>
</kw>
<kw name="Set Password Confirmation">
<arg>testi123</arg>
<kw name="Input Password" library="SeleniumLibrary">
<arg>password_confirmation</arg>
<arg>${password}</arg>
<doc>Types the given password into the text field identified by ``locator``.</doc>
<msg timestamp="20231120 15:35:12.980" level="INFO">Typing password into text field 'password_confirmation'.</msg>
<msg timestamp="20231120 15:35:14.015" level="INFO">Temporally setting log level to: NONE</msg>
<msg timestamp="20231120 15:35:14.555" level="INFO">Log level changed from NONE to INFO.</msg>
<status status="PASS" starttime="20231120 15:35:12.979" endtime="20231120 15:35:14.555"/>
</kw>
<status status="PASS" starttime="20231120 15:35:12.979" endtime="20231120 15:35:14.555"/>
</kw>
<kw name="Submit Credentials">
<kw name="Click Button" library="SeleniumLibrary">
<arg>Register</arg>
<doc>Clicks the button identified by ``locator``.</doc>
<msg timestamp="20231120 15:35:14.556" level="INFO">Clicking button 'Register'.</msg>
<status status="PASS" starttime="20231120 15:35:14.556" endtime="20231120 15:35:16.616"/>
</kw>
<status status="PASS" starttime="20231120 15:35:14.555" endtime="20231120 15:35:16.616"/>
</kw>
<kw name="Register Should Fail With Message">
<arg>Username is too short</arg>
<kw name="Register Page Should Be Open" library="resource">
<kw name="Title Should Be" library="SeleniumLibrary">
<arg>Register</arg>
<doc>Verifies that the current page title equals ``title``.</doc>
<msg timestamp="20231120 15:35:17.124" level="INFO">Page title is 'Register'.</msg>
<status status="PASS" starttime="20231120 15:35:16.617" endtime="20231120 15:35:17.124"/>
</kw>
<status status="PASS" starttime="20231120 15:35:16.617" endtime="20231120 15:35:17.124"/>
</kw>
<kw name="Page Should Contain" library="SeleniumLibrary">
<arg>${message}</arg>
<doc>Verifies that current page contains ``text``.</doc>
<msg timestamp="20231120 15:35:18.137" level="INFO">Current page contains text 'Username is too short'.</msg>
<status status="PASS" starttime="20231120 15:35:17.124" endtime="20231120 15:35:18.137"/>
</kw>
<status status="PASS" starttime="20231120 15:35:16.616" endtime="20231120 15:35:18.137"/>
</kw>
<status status="PASS" starttime="20231120 15:35:09.022" endtime="20231120 15:35:18.137"/>
</test>
<test id="s1-t3" name="Register With Valid Username And Invalid Password" line="22">
<kw name="Go To Register Page" library="resource" type="SETUP">
<kw name="Go To" library="SeleniumLibrary">
<arg>${REGISTER_URL}</arg>
<doc>Navigates the current browser window to the provided ``url``.</doc>
<msg timestamp="20231120 15:35:18.138" level="INFO">Opening url 'http://localhost:5001/register'</msg>
<status status="PASS" starttime="20231120 15:35:18.138" endtime="20231120 15:35:18.974"/>
</kw>
<status status="PASS" starttime="20231120 15:35:18.138" endtime="20231120 15:35:18.974"/>
</kw>
<kw name="Set Username">
<arg>testib</arg>
<kw name="Input Text" library="SeleniumLibrary">
<arg>username</arg>
<arg>${username}</arg>
<doc>Types the given ``text`` into the text field identified by ``locator``.</doc>
<msg timestamp="20231120 15:35:18.975" level="INFO">Typing text 'testib' into text field 'username'.</msg>
<status status="PASS" starttime="20231120 15:35:18.975" endtime="20231120 15:35:20.544"/>
</kw>
<status status="PASS" starttime="20231120 15:35:18.974" endtime="20231120 15:35:20.544"/>
</kw>
<kw name="Set Password">
<arg>testitesti</arg>
<kw name="Input Password" library="SeleniumLibrary">
<arg>password</arg>
<arg>${password}</arg>
<doc>Types the given password into the text field identified by ``locator``.</doc>
<msg timestamp="20231120 15:35:20.545" level="INFO">Typing password into text field 'password'.</msg>
<msg timestamp="20231120 15:35:21.578" level="INFO">Temporally setting log level to: NONE</msg>
<msg timestamp="20231120 15:35:22.113" level="INFO">Log level changed from NONE to INFO.</msg>
<status status="PASS" starttime="20231120 15:35:20.545" endtime="20231120 15:35:22.113"/>
</kw>
<status status="PASS" starttime="20231120 15:35:20.545" endtime="20231120 15:35:22.113"/>
</kw>
<kw name="Set Password Confirmation">
<arg>testitesti</arg>
<kw name="Input Password" library="SeleniumLibrary">
<arg>password_confirmation</arg>
<arg>${password}</arg>
<doc>Types the given password into the text field identified by ``locator``.</doc>
<msg timestamp="20231120 15:35:22.114" level="INFO">Typing password into text field 'password_confirmation'.</msg>
<msg timestamp="20231120 15:35:23.142" level="INFO">Temporally setting log level to: NONE</msg>
<msg timestamp="20231120 15:35:23.679" level="INFO">Log level changed from NONE to INFO.</msg>
<status status="PASS" starttime="20231120 15:35:22.114" endtime="20231120 15:35:23.679"/>
</kw>
<status status="PASS" starttime="20231120 15:35:22.114" endtime="20231120 15:35:23.679"/>
</kw>
<kw name="Submit Credentials">
<kw name="Click Button" library="SeleniumLibrary">
<arg>Register</arg>
<doc>Clicks the button identified by ``locator``.</doc>
<msg timestamp="20231120 15:35:23.680" level="INFO">Clicking button 'Register'.</msg>
<status status="PASS" starttime="20231120 15:35:23.680" endtime="20231120 15:35:25.751"/>
</kw>
<status status="PASS" starttime="20231120 15:35:23.679" endtime="20231120 15:35:25.751"/>
</kw>
<kw name="Register Should Fail With Message">
<arg>Password needs numbers or special characters</arg>
<kw name="Register Page Should Be Open" library="resource">
<kw name="Title Should Be" library="SeleniumLibrary">
<arg>Register</arg>
<doc>Verifies that the current page title equals ``title``.</doc>
<msg timestamp="20231120 15:35:26.258" level="INFO">Page title is 'Register'.</msg>
<status status="PASS" starttime="20231120 15:35:25.752" endtime="20231120 15:35:26.258"/>
</kw>
<status status="PASS" starttime="20231120 15:35:25.751" endtime="20231120 15:35:26.258"/>
</kw>
<kw name="Page Should Contain" library="SeleniumLibrary">
<arg>${message}</arg>
<doc>Verifies that current page contains ``text``.</doc>
<msg timestamp="20231120 15:35:27.284" level="INFO">Current page contains text 'Password needs numbers or special characters'.</msg>
<status status="PASS" starttime="20231120 15:35:26.258" endtime="20231120 15:35:27.284"/>
</kw>
<status status="PASS" starttime="20231120 15:35:25.751" endtime="20231120 15:35:27.284"/>
</kw>
<status status="PASS" starttime="20231120 15:35:18.138" endtime="20231120 15:35:27.284"/>
</test>
<test id="s1-t4" name="Register With Nonmatching Password And Password Confirmation" line="31">
<kw name="Go To Register Page" library="resource" type="SETUP">
<kw name="Go To" library="SeleniumLibrary">
<arg>${REGISTER_URL}</arg>
<doc>Navigates the current browser window to the provided ``url``.</doc>
<msg timestamp="20231120 15:35:27.285" level="INFO">Opening url 'http://localhost:5001/register'</msg>
<status status="PASS" starttime="20231120 15:35:27.285" endtime="20231120 15:35:28.122"/>
</kw>
<status status="PASS" starttime="20231120 15:35:27.285" endtime="20231120 15:35:28.122"/>
</kw>
<kw name="Set Username">
<arg>testic</arg>
<kw name="Input Text" library="SeleniumLibrary">
<arg>username</arg>
<arg>${username}</arg>
<doc>Types the given ``text`` into the text field identified by ``locator``.</doc>
<msg timestamp="20231120 15:35:28.123" level="INFO">Typing text 'testic' into text field 'username'.</msg>
<status status="PASS" starttime="20231120 15:35:28.122" endtime="20231120 15:35:29.672"/>
</kw>
<status status="PASS" starttime="20231120 15:35:28.122" endtime="20231120 15:35:29.672"/>
</kw>
<kw name="Set Password">
<arg>testi123</arg>
<kw name="Input Password" library="SeleniumLibrary">
<arg>password</arg>
<arg>${password}</arg>
<doc>Types the given password into the text field identified by ``locator``.</doc>
<msg timestamp="20231120 15:35:29.673" level="INFO">Typing password into text field 'password'.</msg>
<msg timestamp="20231120 15:35:30.704" level="INFO">Temporally setting log level to: NONE</msg>
<msg timestamp="20231120 15:35:31.239" level="INFO">Log level changed from NONE to INFO.</msg>
<status status="PASS" starttime="20231120 15:35:29.672" endtime="20231120 15:35:31.239"/>
</kw>
<status status="PASS" starttime="20231120 15:35:29.672" endtime="20231120 15:35:31.239"/>
</kw>
<kw name="Set Password Confirmation">
<arg>testi124353</arg>
<kw name="Input Password" library="SeleniumLibrary">
<arg>password_confirmation</arg>
<arg>${password}</arg>
<doc>Types the given password into the text field identified by ``locator``.</doc>
<msg timestamp="20231120 15:35:31.240" level="INFO">Typing password into text field 'password_confirmation'.</msg>
<msg timestamp="20231120 15:35:32.286" level="INFO">Temporally setting log level to: NONE</msg>
<msg timestamp="20231120 15:35:32.820" level="INFO">Log level changed from NONE to INFO.</msg>
<status status="PASS" starttime="20231120 15:35:31.240" endtime="20231120 15:35:32.820"/>
</kw>
<status status="PASS" starttime="20231120 15:35:31.240" endtime="20231120 15:35:32.820"/>
</kw>
<kw name="Submit Credentials">
<kw name="Click Button" library="SeleniumLibrary">
<arg>Register</arg>
<doc>Clicks the button identified by ``locator``.</doc>
<msg timestamp="20231120 15:35:32.821" level="INFO">Clicking button 'Register'.</msg>
<status status="PASS" starttime="20231120 15:35:32.821" endtime="20231120 15:35:34.884"/>
</kw>
<status status="PASS" starttime="20231120 15:35:32.820" endtime="20231120 15:35:34.884"/>
</kw>
<kw name="Register Should Fail With Message">
<arg>Password and confirmation password don't match</arg>
<kw name="Register Page Should Be Open" library="resource">
<kw name="Title Should Be" library="SeleniumLibrary">
<arg>Register</arg>
<doc>Verifies that the current page title equals ``title``.</doc>
<msg timestamp="20231120 15:35:35.393" level="INFO">Page title is 'Register'.</msg>
<status status="PASS" starttime="20231120 15:35:34.885" endtime="20231120 15:35:35.393"/>
</kw>
<status status="PASS" starttime="20231120 15:35:34.885" endtime="20231120 15:35:35.393"/>
</kw>
<kw name="Page Should Contain" library="SeleniumLibrary">
<arg>${message}</arg>
<doc>Verifies that current page contains ``text``.</doc>
<msg timestamp="20231120 15:35:36.409" level="INFO">Current page contains text 'Password and confirmation password don't match'.</msg>
<status status="PASS" starttime="20231120 15:35:35.393" endtime="20231120 15:35:36.409"/>
</kw>
<status status="PASS" starttime="20231120 15:35:34.884" endtime="20231120 15:35:36.409"/>
</kw>
<status status="PASS" starttime="20231120 15:35:27.285" endtime="20231120 15:35:36.409"/>
</test>
<kw name="Close Browser" library="SeleniumLibrary" type="TEARDOWN">
<doc>Closes the current browser.</doc>
<status status="PASS" starttime="20231120 15:35:36.410" endtime="20231120 15:35:38.991"/>
</kw>
<status status="PASS" starttime="20231120 15:34:57.111" endtime="20231120 15:35:38.991"/>
</suite>
<statistics>
<total>
<stat pass="4" fail="0" skip="0">All Tests</stat>
</total>
<tag>
</tag>
<suite>
<stat pass="4" fail="0" skip="0" id="s1" name="Register">Register</stat>
</suite>
</statistics>
<errors>
</errors>
</robot>
