<?xml version="1.0" encoding="UTF-8"?>
<robot generator="Robot 6.1.1 (Python 3.10.13 on win32)" generated="20231120 15:48:09.347" rpa="false" schemaversion="4">
<suite id="s1" name="Register" source="C:\Users\tonni\Documents\Courses\ohtu\palautusrepositorio\viikko3\web-login\src\tests\register.robot">
<kw name="Open And Configure Browser" library="resource" type="SETUP">
<kw name="Evaluate" library="BuiltIn">
<var>${options}</var>
<arg>sys.modules['selenium.webdriver'].ChromeOptions()</arg>
<arg>sys</arg>
<doc>Evaluates the given expression in Python and returns the result.</doc>
<msg timestamp="20231120 15:48:11.563" level="INFO">${options} = &lt;selenium.webdriver.chrome.options.Options object at 0x000002022C233160&gt;</msg>
<status status="PASS" starttime="20231120 15:48:11.563" endtime="20231120 15:48:11.563"/>
</kw>
<kw name="Call Method" library="BuiltIn">
<arg>${options}</arg>
<arg>add_argument</arg>
<arg>--headless</arg>
<doc>Calls the named method of the given object with the provided arguments.</doc>
<status status="PASS" starttime="20231120 15:48:11.563" endtime="20231120 15:48:11.564"/>
</kw>
<kw name="Open Browser" library="SeleniumLibrary">
<arg>browser=chrome</arg>
<arg>options=${options}</arg>
<doc>Opens a new browser instance to the optional ``url``.</doc>
<msg timestamp="20231120 15:48:11.564" level="INFO">Opening browser 'chrome' to base url 'None'.</msg>
<status status="PASS" starttime="20231120 15:48:11.564" endtime="20231120 15:48:12.772"/>
</kw>
<kw name="Set Selenium Speed" library="SeleniumLibrary">
<arg>${DELAY}</arg>
<doc>Sets the delay that is waited after each Selenium command.</doc>
<status status="PASS" starttime="20231120 15:48:12.772" endtime="20231120 15:48:12.772"/>
</kw>
<status status="PASS" starttime="20231120 15:48:11.563" endtime="20231120 15:48:12.772"/>
</kw>
<test id="s1-t1" name="Register With Valid Username And Password" line="8">
<kw name="Go To Register Page" library="resource" type="SETUP">
<kw name="Go To" library="SeleniumLibrary">
<arg>${REGISTER_URL}</arg>
<doc>Navigates the current browser window to the provided ``url``.</doc>
<msg timestamp="20231120 15:48:12.773" level="INFO">Opening url 'http://localhost:5001/register'</msg>
<status status="PASS" starttime="20231120 15:48:12.773" endtime="20231120 15:48:13.130"/>
</kw>
<status status="PASS" starttime="20231120 15:48:12.773" endtime="20231120 15:48:13.130"/>
</kw>
<kw name="Set Username">
<arg>testi</arg>
<kw name="Input Text" library="SeleniumLibrary">
<arg>username</arg>
<arg>${username}</arg>
<doc>Types the given ``text`` into the text field identified by ``locator``.</doc>
<msg timestamp="20231120 15:48:13.132" level="INFO">Typing text 'testi' into text field 'username'.</msg>
<status status="PASS" starttime="20231120 15:48:13.131" endtime="20231120 15:48:13.184"/>
</kw>
<status status="PASS" starttime="20231120 15:48:13.131" endtime="20231120 15:48:13.184"/>
</kw>
<kw name="Set Password">
<arg>testi123</arg>
<kw name="Input Password" library="SeleniumLibrary">
<arg>password</arg>
<arg>${password}</arg>
<doc>Types the given password into the text field identified by ``locator``.</doc>
<msg timestamp="20231120 15:48:13.185" level="INFO">Typing password into text field 'password'.</msg>
<msg timestamp="20231120 15:48:13.204" level="INFO">Temporally setting log level to: NONE</msg>
<msg timestamp="20231120 15:48:13.226" level="INFO">Log level changed from NONE to INFO.</msg>
<status status="PASS" starttime="20231120 15:48:13.184" endtime="20231120 15:48:13.226"/>
</kw>
<status status="PASS" starttime="20231120 15:48:13.184" endtime="20231120 15:48:13.226"/>
</kw>
<kw name="Set Password Confirmation">
<arg>testi123</arg>
<kw name="Input Password" library="SeleniumLibrary">
<arg>password_confirmation</arg>
<arg>${password}</arg>
<doc>Types the given password into the text field identified by ``locator``.</doc>
<msg timestamp="20231120 15:48:13.227" level="INFO">Typing password into text field 'password_confirmation'.</msg>
<msg timestamp="20231120 15:48:13.246" level="INFO">Temporally setting log level to: NONE</msg>
<msg timestamp="20231120 15:48:13.268" level="INFO">Log level changed from NONE to INFO.</msg>
<status status="PASS" starttime="20231120 15:48:13.227" endtime="20231120 15:48:13.268"/>
</kw>
<status status="PASS" starttime="20231120 15:48:13.227" endtime="20231120 15:48:13.268"/>
</kw>
<kw name="Submit Credentials">
<kw name="Click Button" library="SeleniumLibrary">
<arg>Register</arg>
<doc>Clicks the button identified by ``locator``.</doc>
<msg timestamp="20231120 15:48:13.269" level="INFO">Clicking button 'Register'.</msg>
<status status="PASS" starttime="20231120 15:48:13.268" endtime="20231120 15:48:13.615"/>
</kw>
<status status="PASS" starttime="20231120 15:48:13.268" endtime="20231120 15:48:13.615"/>
</kw>
<kw name="Register Should Succeed">
<kw name="Welcome Page Should Be Open" library="resource">
<kw name="Title Should Be" library="SeleniumLibrary">
<arg>Welcome to Ohtu Application!</arg>
<doc>Verifies that the current page title equals ``title``.</doc>
<msg timestamp="20231120 15:48:13.618" level="INFO">Page title is 'Welcome to Ohtu Application!'.</msg>
<status status="PASS" starttime="20231120 15:48:13.616" endtime="20231120 15:48:13.618"/>
</kw>
<status status="PASS" starttime="20231120 15:48:13.615" endtime="20231120 15:48:13.618"/>
</kw>
<status status="PASS" starttime="20231120 15:48:13.615" endtime="20231120 15:48:13.618"/>
</kw>
<status status="PASS" starttime="20231120 15:48:12.772" endtime="20231120 15:48:13.618"/>
</test>
<test id="s1-t2" name="Register With Too Short Username And Valid Password" line="15">
<kw name="Go To Register Page" library="resource" type="SETUP">
<kw name="Go To" library="SeleniumLibrary">
<arg>${REGISTER_URL}</arg>
<doc>Navigates the current browser window to the provided ``url``.</doc>
<msg timestamp="20231120 15:48:13.619" level="INFO">Opening url 'http://localhost:5001/register'</msg>
<status status="PASS" starttime="20231120 15:48:13.619" endtime="20231120 15:48:13.675"/>
</kw>
<status status="PASS" starttime="20231120 15:48:13.619" endtime="20231120 15:48:13.675"/>
</kw>
<kw name="Set Username">
<arg>a</arg>
<kw name="Input Text" library="SeleniumLibrary">
<arg>username</arg>
<arg>${username}</arg>
<doc>Types the given ``text`` into the text field identified by ``locator``.</doc>
<msg timestamp="20231120 15:48:13.676" level="INFO">Typing text 'a' into text field 'username'.</msg>
<status status="PASS" starttime="20231120 15:48:13.676" endtime="20231120 15:48:13.714"/>
</kw>
<status status="PASS" starttime="20231120 15:48:13.676" endtime="20231120 15:48:13.714"/>
</kw>
<kw name="Set Password">
<arg>testi123</arg>
<kw name="Input Password" library="SeleniumLibrary">
<arg>password</arg>
<arg>${password}</arg>
<doc>Types the given password into the text field identified by ``locator``.</doc>
<msg timestamp="20231120 15:48:13.715" level="INFO">Typing password into text field 'password'.</msg>
<msg timestamp="20231120 15:48:13.732" level="INFO">Temporally setting log level to: NONE</msg>
<msg timestamp="20231120 15:48:13.754" level="INFO">Log level changed from NONE to INFO.</msg>
<status status="PASS" starttime="20231120 15:48:13.715" endtime="20231120 15:48:13.754"/>
</kw>
<status status="PASS" starttime="20231120 15:48:13.715" endtime="20231120 15:48:13.754"/>
</kw>
<kw name="Set Password Confirmation">
<arg>testi123</arg>
<kw name="Input Password" library="SeleniumLibrary">
<arg>password_confirmation</arg>
<arg>${password}</arg>
<doc>Types the given password into the text field identified by ``locator``.</doc>
<msg timestamp="20231120 15:48:13.755" level="INFO">Typing password into text field 'password_confirmation'.</msg>
<msg timestamp="20231120 15:48:13.771" level="INFO">Temporally setting log level to: NONE</msg>
<msg timestamp="20231120 15:48:13.793" level="INFO">Log level changed from NONE to INFO.</msg>
<status status="PASS" starttime="20231120 15:48:13.755" endtime="20231120 15:48:13.793"/>
</kw>
<status status="PASS" starttime="20231120 15:48:13.754" endtime="20231120 15:48:13.793"/>
</kw>
<kw name="Submit Credentials">
<kw name="Click Button" library="SeleniumLibrary">
<arg>Register</arg>
<doc>Clicks the button identified by ``locator``.</doc>
<msg timestamp="20231120 15:48:13.794" level="INFO">Clicking button 'Register'.</msg>
<status status="PASS" starttime="20231120 15:48:13.793" endtime="20231120 15:48:14.132"/>
</kw>
<status status="PASS" starttime="20231120 15:48:13.793" endtime="20231120 15:48:14.132"/>
</kw>
<kw name="Register Should Fail With Message">
<arg>Username is too short</arg>
<kw name="Register Page Should Be Open" library="resource">
<kw name="Title Should Be" library="SeleniumLibrary">
<arg>Register</arg>
<doc>Verifies that the current page title equals ``title``.</doc>
<msg timestamp="20231120 15:48:14.135" level="INFO">Page title is 'Register'.</msg>
<status status="PASS" starttime="20231120 15:48:14.133" endtime="20231120 15:48:14.135"/>
</kw>
<status status="PASS" starttime="20231120 15:48:14.133" endtime="20231120 15:48:14.135"/>
</kw>
<kw name="Page Should Contain" library="SeleniumLibrary">
<arg>${message}</arg>
<doc>Verifies that current page contains ``text``.</doc>
<msg timestamp="20231120 15:48:14.143" level="INFO">Current page contains text 'Username is too short'.</msg>
<status status="PASS" starttime="20231120 15:48:14.135" endtime="20231120 15:48:14.143"/>
</kw>
<status status="PASS" starttime="20231120 15:48:14.132" endtime="20231120 15:48:14.143"/>
</kw>
<status status="PASS" starttime="20231120 15:48:13.619" endtime="20231120 15:48:14.143"/>
</test>
<test id="s1-t3" name="Register With Valid Username And Invalid Password" line="22">
<kw name="Go To Register Page" library="resource" type="SETUP">
<kw name="Go To" library="SeleniumLibrary">
<arg>${REGISTER_URL}</arg>
<doc>Navigates the current browser window to the provided ``url``.</doc>
<msg timestamp="20231120 15:48:14.144" level="INFO">Opening url 'http://localhost:5001/register'</msg>
<status status="PASS" starttime="20231120 15:48:14.144" endtime="20231120 15:48:14.256"/>
</kw>
<status status="PASS" starttime="20231120 15:48:14.144" endtime="20231120 15:48:14.256"/>
</kw>
<kw name="Set Username">
<arg>testib</arg>
<kw name="Input Text" library="SeleniumLibrary">
<arg>username</arg>
<arg>${username}</arg>
<doc>Types the given ``text`` into the text field identified by ``locator``.</doc>
<msg timestamp="20231120 15:48:14.257" level="INFO">Typing text 'testib' into text field 'username'.</msg>
<status status="PASS" starttime="20231120 15:48:14.256" endtime="20231120 15:48:14.294"/>
</kw>
<status status="PASS" starttime="20231120 15:48:14.256" endtime="20231120 15:48:14.294"/>
</kw>
<kw name="Set Password">
<arg>testitesti</arg>
<kw name="Input Password" library="SeleniumLibrary">
<arg>password</arg>
<arg>${password}</arg>
<doc>Types the given password into the text field identified by ``locator``.</doc>
<msg timestamp="20231120 15:48:14.295" level="INFO">Typing password into text field 'password'.</msg>
<msg timestamp="20231120 15:48:14.312" level="INFO">Temporally setting log level to: NONE</msg>
<msg timestamp="20231120 15:48:14.333" level="INFO">Log level changed from NONE to INFO.</msg>
<status status="PASS" starttime="20231120 15:48:14.295" endtime="20231120 15:48:14.333"/>
</kw>
<status status="PASS" starttime="20231120 15:48:14.294" endtime="20231120 15:48:14.333"/>
</kw>
<kw name="Set Password Confirmation">
<arg>testitesti</arg>
<kw name="Input Password" library="SeleniumLibrary">
<arg>password_confirmation</arg>
<arg>${password}</arg>
<doc>Types the given password into the text field identified by ``locator``.</doc>
<msg timestamp="20231120 15:48:14.334" level="INFO">Typing password into text field 'password_confirmation'.</msg>
<msg timestamp="20231120 15:48:14.351" level="INFO">Temporally setting log level to: NONE</msg>
<msg timestamp="20231120 15:48:14.372" level="INFO">Log level changed from NONE to INFO.</msg>
<status status="PASS" starttime="20231120 15:48:14.334" endtime="20231120 15:48:14.373"/>
</kw>
<status status="PASS" starttime="20231120 15:48:14.334" endtime="20231120 15:48:14.373"/>
</kw>
<kw name="Submit Credentials">
<kw name="Click Button" library="SeleniumLibrary">
<arg>Register</arg>
<doc>Clicks the button identified by ``locator``.</doc>
<msg timestamp="20231120 15:48:14.373" level="INFO">Clicking button 'Register'.</msg>
<status status="PASS" starttime="20231120 15:48:14.373" endtime="20231120 15:48:14.718"/>
</kw>
<status status="PASS" starttime="20231120 15:48:14.373" endtime="20231120 15:48:14.718"/>
</kw>
<kw name="Register Should Fail With Message">
<arg>Password needs numbers or special characters</arg>
<kw name="Register Page Should Be Open" library="resource">
<kw name="Title Should Be" library="SeleniumLibrary">
<arg>Register</arg>
<doc>Verifies that the current page title equals ``title``.</doc>
<msg timestamp="20231120 15:48:14.721" level="INFO">Page title is 'Register'.</msg>
<status status="PASS" starttime="20231120 15:48:14.719" endtime="20231120 15:48:14.721"/>
</kw>
<status status="PASS" starttime="20231120 15:48:14.719" endtime="20231120 15:48:14.721"/>
</kw>
<kw name="Page Should Contain" library="SeleniumLibrary">
<arg>${message}</arg>
<doc>Verifies that current page contains ``text``.</doc>
<msg timestamp="20231120 15:48:14.728" level="INFO">Current page contains text 'Password needs numbers or special characters'.</msg>
<status status="PASS" starttime="20231120 15:48:14.721" endtime="20231120 15:48:14.729"/>
</kw>
<status status="PASS" starttime="20231120 15:48:14.719" endtime="20231120 15:48:14.729"/>
</kw>
<status status="PASS" starttime="20231120 15:48:14.143" endtime="20231120 15:48:14.729"/>
</test>
<test id="s1-t4" name="Register With Nonmatching Password And Password Confirmation" line="31">
<kw name="Go To Register Page" library="resource" type="SETUP">
<kw name="Go To" library="SeleniumLibrary">
<arg>${REGISTER_URL}</arg>
<doc>Navigates the current browser window to the provided ``url``.</doc>
<msg timestamp="20231120 15:48:14.730" level="INFO">Opening url 'http://localhost:5001/register'</msg>
<status status="PASS" starttime="20231120 15:48:14.730" endtime="20231120 15:48:14.782"/>
</kw>
<status status="PASS" starttime="20231120 15:48:14.730" endtime="20231120 15:48:14.782"/>
</kw>
<kw name="Set Username">
<arg>testic</arg>
<kw name="Input Text" library="SeleniumLibrary">
<arg>username</arg>
<arg>${username}</arg>
<doc>Types the given ``text`` into the text field identified by ``locator``.</doc>
<msg timestamp="20231120 15:48:14.783" level="INFO">Typing text 'testic' into text field 'username'.</msg>
<status status="PASS" starttime="20231120 15:48:14.782" endtime="20231120 15:48:14.821"/>
</kw>
<status status="PASS" starttime="20231120 15:48:14.782" endtime="20231120 15:48:14.821"/>
</kw>
<kw name="Set Password">
<arg>testi123</arg>
<kw name="Input Password" library="SeleniumLibrary">
<arg>password</arg>
<arg>${password}</arg>
<doc>Types the given password into the text field identified by ``locator``.</doc>
<msg timestamp="20231120 15:48:14.822" level="INFO">Typing password into text field 'password'.</msg>
<msg timestamp="20231120 15:48:14.838" level="INFO">Temporally setting log level to: NONE</msg>
<msg timestamp="20231120 15:48:14.860" level="INFO">Log level changed from NONE to INFO.</msg>
<status status="PASS" starttime="20231120 15:48:14.821" endtime="20231120 15:48:14.860"/>
</kw>
<status status="PASS" starttime="20231120 15:48:14.821" endtime="20231120 15:48:14.861"/>
</kw>
<kw name="Set Password Confirmation">
<arg>testi124353</arg>
<kw name="Input Password" library="SeleniumLibrary">
<arg>password_confirmation</arg>
<arg>${password}</arg>
<doc>Types the given password into the text field identified by ``locator``.</doc>
<msg timestamp="20231120 15:48:14.861" level="INFO">Typing password into text field 'password_confirmation'.</msg>
<msg timestamp="20231120 15:48:14.878" level="INFO">Temporally setting log level to: NONE</msg>
<msg timestamp="20231120 15:48:14.900" level="INFO">Log level changed from NONE to INFO.</msg>
<status status="PASS" starttime="20231120 15:48:14.861" endtime="20231120 15:48:14.900"/>
</kw>
<status status="PASS" starttime="20231120 15:48:14.861" endtime="20231120 15:48:14.900"/>
</kw>
<kw name="Submit Credentials">
<kw name="Click Button" library="SeleniumLibrary">
<arg>Register</arg>
<doc>Clicks the button identified by ``locator``.</doc>
<msg timestamp="20231120 15:48:14.901" level="INFO">Clicking button 'Register'.</msg>
<status status="PASS" starttime="20231120 15:48:14.901" endtime="20231120 15:48:15.243"/>
</kw>
<status status="PASS" starttime="20231120 15:48:14.901" endtime="20231120 15:48:15.243"/>
</kw>
<kw name="Register Should Fail With Message">
<arg>Password and confirmation password don't match</arg>
<kw name="Register Page Should Be Open" library="resource">
<kw name="Title Should Be" library="SeleniumLibrary">
<arg>Register</arg>
<doc>Verifies that the current page title equals ``title``.</doc>
<msg timestamp="20231120 15:48:15.246" level="INFO">Page title is 'Register'.</msg>
<status status="PASS" starttime="20231120 15:48:15.244" endtime="20231120 15:48:15.246"/>
</kw>
<status status="PASS" starttime="20231120 15:48:15.244" endtime="20231120 15:48:15.246"/>
</kw>
<kw name="Page Should Contain" library="SeleniumLibrary">
<arg>${message}</arg>
<doc>Verifies that current page contains ``text``.</doc>
<msg timestamp="20231120 15:48:15.254" level="INFO">Current page contains text 'Password and confirmation password don't match'.</msg>
<status status="PASS" starttime="20231120 15:48:15.246" endtime="20231120 15:48:15.254"/>
</kw>
<status status="PASS" starttime="20231120 15:48:15.244" endtime="20231120 15:48:15.254"/>
</kw>
<status status="PASS" starttime="20231120 15:48:14.729" endtime="20231120 15:48:15.254"/>
</test>
<test id="s1-t5" name="Login After Successful Registration" line="38">
<kw name="Go To Register Page" library="resource" type="SETUP">
<kw name="Go To" library="SeleniumLibrary">
<arg>${REGISTER_URL}</arg>
<doc>Navigates the current browser window to the provided ``url``.</doc>
<msg timestamp="20231120 15:48:15.255" level="INFO">Opening url 'http://localhost:5001/register'</msg>
<status status="PASS" starttime="20231120 15:48:15.255" endtime="20231120 15:48:15.369"/>
</kw>
<status status="PASS" starttime="20231120 15:48:15.255" endtime="20231120 15:48:15.369"/>
</kw>
<kw name="Set Username">
<arg>testid</arg>
<kw name="Input Text" library="SeleniumLibrary">
<arg>username</arg>
<arg>${username}</arg>
<doc>Types the given ``text`` into the text field identified by ``locator``.</doc>
<msg timestamp="20231120 15:48:15.370" level="INFO">Typing text 'testid' into text field 'username'.</msg>
<status status="PASS" starttime="20231120 15:48:15.369" endtime="20231120 15:48:15.408"/>
</kw>
<status status="PASS" starttime="20231120 15:48:15.369" endtime="20231120 15:48:15.408"/>
</kw>
<kw name="Set Password">
<arg>testi123</arg>
<kw name="Input Password" library="SeleniumLibrary">
<arg>password</arg>
<arg>${password}</arg>
<doc>Types the given password into the text field identified by ``locator``.</doc>
<msg timestamp="20231120 15:48:15.409" level="INFO">Typing password into text field 'password'.</msg>
<msg timestamp="20231120 15:48:15.425" level="INFO">Temporally setting log level to: NONE</msg>
<msg timestamp="20231120 15:48:15.447" level="INFO">Log level changed from NONE to INFO.</msg>
<status status="PASS" starttime="20231120 15:48:15.408" endtime="20231120 15:48:15.447"/>
</kw>
<status status="PASS" starttime="20231120 15:48:15.408" endtime="20231120 15:48:15.447"/>
</kw>
<kw name="Set Password Confirmation">
<arg>testi123</arg>
<kw name="Input Password" library="SeleniumLibrary">
<arg>password_confirmation</arg>
<arg>${password}</arg>
<doc>Types the given password into the text field identified by ``locator``.</doc>
<msg timestamp="20231120 15:48:15.448" level="INFO">Typing password into text field 'password_confirmation'.</msg>
<msg timestamp="20231120 15:48:15.464" level="INFO">Temporally setting log level to: NONE</msg>
<msg timestamp="20231120 15:48:15.485" level="INFO">Log level changed from NONE to INFO.</msg>
<status status="PASS" starttime="20231120 15:48:15.447" endtime="20231120 15:48:15.485"/>
</kw>
<status status="PASS" starttime="20231120 15:48:15.447" endtime="20231120 15:48:15.485"/>
</kw>
<kw name="Submit Credentials">
<kw name="Click Button" library="SeleniumLibrary">
<arg>Register</arg>
<doc>Clicks the button identified by ``locator``.</doc>
<msg timestamp="20231120 15:48:15.486" level="INFO">Clicking button 'Register'.</msg>
<status status="PASS" starttime="20231120 15:48:15.486" endtime="20231120 15:48:15.829"/>
</kw>
<status status="PASS" starttime="20231120 15:48:15.486" endtime="20231120 15:48:15.829"/>
</kw>
<kw name="Register Should Succeed">
<kw name="Welcome Page Should Be Open" library="resource">
<kw name="Title Should Be" library="SeleniumLibrary">
<arg>Welcome to Ohtu Application!</arg>
<doc>Verifies that the current page title equals ``title``.</doc>
<msg timestamp="20231120 15:48:15.832" level="INFO">Page title is 'Welcome to Ohtu Application!'.</msg>
<status status="PASS" starttime="20231120 15:48:15.830" endtime="20231120 15:48:15.832"/>
</kw>
<status status="PASS" starttime="20231120 15:48:15.830" endtime="20231120 15:48:15.832"/>
</kw>
<status status="PASS" starttime="20231120 15:48:15.830" endtime="20231120 15:48:15.832"/>
</kw>
<kw name="Go To Login Page" library="resource">
<kw name="Go To" library="SeleniumLibrary">
<arg>${LOGIN_URL}</arg>
<doc>Navigates the current browser window to the provided ``url``.</doc>
<msg timestamp="20231120 15:48:15.833" level="INFO">Opening url 'http://localhost:5001/login'</msg>
<status status="PASS" starttime="20231120 15:48:15.833" endtime="20231120 15:48:15.893"/>
</kw>
<status status="PASS" starttime="20231120 15:48:15.833" endtime="20231120 15:48:15.893"/>
</kw>
<kw name="Login Page Should Be Open" library="resource">
<kw name="Title Should Be" library="SeleniumLibrary">
<arg>Login</arg>
<doc>Verifies that the current page title equals ``title``.</doc>
<msg timestamp="20231120 15:48:15.895" level="INFO">Page title is 'Login'.</msg>
<status status="PASS" starttime="20231120 15:48:15.893" endtime="20231120 15:48:15.895"/>
</kw>
<status status="PASS" starttime="20231120 15:48:15.893" endtime="20231120 15:48:15.895"/>
</kw>
<kw name="Set Username">
<arg>testid</arg>
<kw name="Input Text" library="SeleniumLibrary">
<arg>username</arg>
<arg>${username}</arg>
<doc>Types the given ``text`` into the text field identified by ``locator``.</doc>
<msg timestamp="20231120 15:48:15.896" level="INFO">Typing text 'testid' into text field 'username'.</msg>
<status status="PASS" starttime="20231120 15:48:15.896" endtime="20231120 15:48:15.934"/>
</kw>
<status status="PASS" starttime="20231120 15:48:15.896" endtime="20231120 15:48:15.934"/>
</kw>
<kw name="Set Password">
<arg>testi123</arg>
<kw name="Input Password" library="SeleniumLibrary">
<arg>password</arg>
<arg>${password}</arg>
<doc>Types the given password into the text field identified by ``locator``.</doc>
<msg timestamp="20231120 15:48:15.935" level="INFO">Typing password into text field 'password'.</msg>
<msg timestamp="20231120 15:48:15.951" level="INFO">Temporally setting log level to: NONE</msg>
<msg timestamp="20231120 15:48:15.973" level="INFO">Log level changed from NONE to INFO.</msg>
<status status="PASS" starttime="20231120 15:48:15.934" endtime="20231120 15:48:15.973"/>
</kw>
<status status="PASS" starttime="20231120 15:48:15.934" endtime="20231120 15:48:15.973"/>
</kw>
<kw name="Submit Login Credentials">
<kw name="Click Button" library="SeleniumLibrary">
<arg>Login</arg>
<doc>Clicks the button identified by ``locator``.</doc>
<msg timestamp="20231120 15:48:15.973" level="INFO">Clicking button 'Login'.</msg>
<status status="PASS" starttime="20231120 15:48:15.973" endtime="20231120 15:48:16.321"/>
</kw>
<status status="PASS" starttime="20231120 15:48:15.973" endtime="20231120 15:48:16.321"/>
</kw>
<kw name="Login Should Succeed">
<kw name="Main Page Should Be Open" library="resource">
<kw name="Title Should Be" library="SeleniumLibrary">
<arg>Ohtu Application main page</arg>
<doc>Verifies that the current page title equals ``title``.</doc>
<msg timestamp="20231120 15:48:16.324" level="INFO">Page title is 'Ohtu Application main page'.</msg>
<status status="PASS" starttime="20231120 15:48:16.322" endtime="20231120 15:48:16.324"/>
</kw>
<status status="PASS" starttime="20231120 15:48:16.322" endtime="20231120 15:48:16.324"/>
</kw>
<status status="PASS" starttime="20231120 15:48:16.322" endtime="20231120 15:48:16.324"/>
</kw>
<status status="PASS" starttime="20231120 15:48:15.254" endtime="20231120 15:48:16.325"/>
</test>
<test id="s1-t6" name="Login After Failed Registration" line="51">
<kw name="Go To Register Page" library="resource" type="SETUP">
<kw name="Go To" library="SeleniumLibrary">
<arg>${REGISTER_URL}</arg>
<doc>Navigates the current browser window to the provided ``url``.</doc>
<msg timestamp="20231120 15:48:16.326" level="INFO">Opening url 'http://localhost:5001/register'</msg>
<status status="PASS" starttime="20231120 15:48:16.326" endtime="20231120 15:48:16.462"/>
</kw>
<status status="PASS" starttime="20231120 15:48:16.325" endtime="20231120 15:48:16.463"/>
</kw>
<kw name="Set Username">
<arg>testie</arg>
<kw name="Input Text" library="SeleniumLibrary">
<arg>username</arg>
<arg>${username}</arg>
<doc>Types the given ``text`` into the text field identified by ``locator``.</doc>
<msg timestamp="20231120 15:48:16.463" level="INFO">Typing text 'testie' into text field 'username'.</msg>
<status status="PASS" starttime="20231120 15:48:16.463" endtime="20231120 15:48:16.500"/>
</kw>
<status status="PASS" starttime="20231120 15:48:16.463" endtime="20231120 15:48:16.500"/>
</kw>
<kw name="Set Password">
<arg>testi</arg>
<kw name="Input Password" library="SeleniumLibrary">
<arg>password</arg>
<arg>${password}</arg>
<doc>Types the given password into the text field identified by ``locator``.</doc>
<msg timestamp="20231120 15:48:16.501" level="INFO">Typing password into text field 'password'.</msg>
<msg timestamp="20231120 15:48:16.517" level="INFO">Temporally setting log level to: NONE</msg>
<msg timestamp="20231120 15:48:16.538" level="INFO">Log level changed from NONE to INFO.</msg>
<status status="PASS" starttime="20231120 15:48:16.501" endtime="20231120 15:48:16.538"/>
</kw>
<status status="PASS" starttime="20231120 15:48:16.501" endtime="20231120 15:48:16.538"/>
</kw>
<kw name="Set Password Confirmation">
<arg>testi</arg>
<kw name="Input Password" library="SeleniumLibrary">
<arg>password_confirmation</arg>
<arg>${password}</arg>
<doc>Types the given password into the text field identified by ``locator``.</doc>
<msg timestamp="20231120 15:48:16.539" level="INFO">Typing password into text field 'password_confirmation'.</msg>
<msg timestamp="20231120 15:48:16.556" level="INFO">Temporally setting log level to: NONE</msg>
<msg timestamp="20231120 15:48:16.576" level="INFO">Log level changed from NONE to INFO.</msg>
<status status="PASS" starttime="20231120 15:48:16.539" endtime="20231120 15:48:16.576"/>
</kw>
<status status="PASS" starttime="20231120 15:48:16.539" endtime="20231120 15:48:16.576"/>
</kw>
<kw name="Submit Credentials">
<kw name="Click Button" library="SeleniumLibrary">
<arg>Register</arg>
<doc>Clicks the button identified by ``locator``.</doc>
<msg timestamp="20231120 15:48:16.577" level="INFO">Clicking button 'Register'.</msg>
<status status="PASS" starttime="20231120 15:48:16.577" endtime="20231120 15:48:16.921"/>
</kw>
<status status="PASS" starttime="20231120 15:48:16.577" endtime="20231120 15:48:16.921"/>
</kw>
<kw name="Register Should Fail With Message">
<arg>Password is too short</arg>
<kw name="Register Page Should Be Open" library="resource">
<kw name="Title Should Be" library="SeleniumLibrary">
<arg>Register</arg>
<doc>Verifies that the current page title equals ``title``.</doc>
<msg timestamp="20231120 15:48:16.924" level="INFO">Page title is 'Register'.</msg>
<status status="PASS" starttime="20231120 15:48:16.921" endtime="20231120 15:48:16.924"/>
</kw>
<status status="PASS" starttime="20231120 15:48:16.921" endtime="20231120 15:48:16.924"/>
</kw>
<kw name="Page Should Contain" library="SeleniumLibrary">
<arg>${message}</arg>
<doc>Verifies that current page contains ``text``.</doc>
<msg timestamp="20231120 15:48:16.931" level="INFO">Current page contains text 'Password is too short'.</msg>
<status status="PASS" starttime="20231120 15:48:16.924" endtime="20231120 15:48:16.931"/>
</kw>
<status status="PASS" starttime="20231120 15:48:16.921" endtime="20231120 15:48:16.931"/>
</kw>
<kw name="Go To Login Page" library="resource">
<kw name="Go To" library="SeleniumLibrary">
<arg>${LOGIN_URL}</arg>
<doc>Navigates the current browser window to the provided ``url``.</doc>
<msg timestamp="20231120 15:48:16.932" level="INFO">Opening url 'http://localhost:5001/login'</msg>
<status status="PASS" starttime="20231120 15:48:16.931" endtime="20231120 15:48:16.938"/>
</kw>
<status status="PASS" starttime="20231120 15:48:16.931" endtime="20231120 15:48:16.938"/>
</kw>
<kw name="Login Page Should Be Open" library="resource">
<kw name="Title Should Be" library="SeleniumLibrary">
<arg>Login</arg>
<doc>Verifies that the current page title equals ``title``.</doc>
<msg timestamp="20231120 15:48:16.941" level="INFO">Page title is 'Login'.</msg>
<status status="PASS" starttime="20231120 15:48:16.939" endtime="20231120 15:48:16.941"/>
</kw>
<status status="PASS" starttime="20231120 15:48:16.939" endtime="20231120 15:48:16.941"/>
</kw>
<kw name="Set Username">
<arg>testie</arg>
<kw name="Input Text" library="SeleniumLibrary">
<arg>username</arg>
<arg>${username}</arg>
<doc>Types the given ``text`` into the text field identified by ``locator``.</doc>
<msg timestamp="20231120 15:48:16.942" level="INFO">Typing text 'testie' into text field 'username'.</msg>
<status status="PASS" starttime="20231120 15:48:16.941" endtime="20231120 15:48:16.979"/>
</kw>
<status status="PASS" starttime="20231120 15:48:16.941" endtime="20231120 15:48:16.979"/>
</kw>
<kw name="Set Password">
<arg>testi</arg>
<kw name="Input Password" library="SeleniumLibrary">
<arg>password</arg>
<arg>${password}</arg>
<doc>Types the given password into the text field identified by ``locator``.</doc>
<msg timestamp="20231120 15:48:16.980" level="INFO">Typing password into text field 'password'.</msg>
<msg timestamp="20231120 15:48:16.996" level="INFO">Temporally setting log level to: NONE</msg>
<msg timestamp="20231120 15:48:17.017" level="INFO">Log level changed from NONE to INFO.</msg>
<status status="PASS" starttime="20231120 15:48:16.980" endtime="20231120 15:48:17.017"/>
</kw>
<status status="PASS" starttime="20231120 15:48:16.979" endtime="20231120 15:48:17.017"/>
</kw>
<kw name="Submit Login Credentials">
<kw name="Click Button" library="SeleniumLibrary">
<arg>Login</arg>
<doc>Clicks the button identified by ``locator``.</doc>
<msg timestamp="20231120 15:48:17.018" level="INFO">Clicking button 'Login'.</msg>
<status status="PASS" starttime="20231120 15:48:17.018" endtime="20231120 15:48:17.361"/>
</kw>
<status status="PASS" starttime="20231120 15:48:17.017" endtime="20231120 15:48:17.361"/>
</kw>
<kw name="Login Should Fail With Message">
<arg>Invalid username or password</arg>
<kw name="Login Page Should Be Open" library="resource">
<kw name="Title Should Be" library="SeleniumLibrary">
<arg>Login</arg>
<doc>Verifies that the current page title equals ``title``.</doc>
<msg timestamp="20231120 15:48:17.365" level="INFO">Page title is 'Login'.</msg>
<status status="PASS" starttime="20231120 15:48:17.362" endtime="20231120 15:48:17.365"/>
</kw>
<status status="PASS" starttime="20231120 15:48:17.362" endtime="20231120 15:48:17.365"/>
</kw>
<kw name="Page Should Contain" library="SeleniumLibrary">
<arg>${message}</arg>
<doc>Verifies that current page contains ``text``.</doc>
<msg timestamp="20231120 15:48:17.372" level="INFO">Current page contains text 'Invalid username or password'.</msg>
<status status="PASS" starttime="20231120 15:48:17.365" endtime="20231120 15:48:17.372"/>
</kw>
<status status="PASS" starttime="20231120 15:48:17.361" endtime="20231120 15:48:17.372"/>
</kw>
<status status="PASS" starttime="20231120 15:48:16.325" endtime="20231120 15:48:17.372"/>
</test>
<kw name="Close Browser" library="SeleniumLibrary" type="TEARDOWN">
<doc>Closes the current browser.</doc>
<status status="PASS" starttime="20231120 15:48:17.373" endtime="20231120 15:48:19.406"/>
</kw>
<status status="PASS" starttime="20231120 15:48:09.348" endtime="20231120 15:48:19.406"/>
</suite>
<statistics>
<total>
<stat pass="6" fail="0" skip="0">All Tests</stat>
</total>
<tag>
</tag>
<suite>
<stat pass="6" fail="0" skip="0" id="s1" name="Register">Register</stat>
</suite>
</statistics>
<errors>
</errors>
</robot>
