<?xml version="1.0" encoding="UTF-8"?>
<robot generator="Robot 6.1.1 (Python 3.10.13 on win32)" generated="20231120 14:13:05.020" rpa="false" schemaversion="4">
<suite id="s1" name="Tests" source="C:\Users\tonni\Documents\Courses\ohtu\palautusrepositorio\viikko3\login-robot\src\tests">
<suite id="s1-s1" name="Login" source="C:\Users\tonni\Documents\Courses\ohtu\palautusrepositorio\viikko3\login-robot\src\tests\login.robot">
<test id="s1-s1-t1" name="Login With Correct Credentials" line="6">
<kw name="Create User And Input Login Command" type="SETUP">
<kw name="Create User" library="AppLibrary">
<arg>kalle</arg>
<arg>kalle123</arg>
<status status="PASS" starttime="20231120 14:13:05.051" endtime="20231120 14:13:05.051"/>
</kw>
<kw name="Input Login Command" library="resource">
<kw name="Input" library="AppLibrary">
<arg>login</arg>
<status status="PASS" starttime="20231120 14:13:05.051" endtime="20231120 14:13:05.051"/>
</kw>
<status status="PASS" starttime="20231120 14:13:05.051" endtime="20231120 14:13:05.051"/>
</kw>
<status status="PASS" starttime="20231120 14:13:05.050" endtime="20231120 14:13:05.051"/>
</kw>
<kw name="Input Credentials" library="resource">
<arg>kalle</arg>
<arg>kalle123</arg>
<kw name="Input" library="AppLibrary">
<arg>${username}</arg>
<status status="PASS" starttime="20231120 14:13:05.052" endtime="20231120 14:13:05.052"/>
</kw>
<kw name="Input" library="AppLibrary">
<arg>${password}</arg>
<status status="PASS" starttime="20231120 14:13:05.052" endtime="20231120 14:13:05.052"/>
</kw>
<kw name="Run Application" library="AppLibrary">
<status status="PASS" starttime="20231120 14:13:05.052" endtime="20231120 14:13:05.052"/>
</kw>
<status status="PASS" starttime="20231120 14:13:05.052" endtime="20231120 14:13:05.052"/>
</kw>
<kw name="Output Should Contain" library="AppLibrary">
<arg>Logged in</arg>
<status status="PASS" starttime="20231120 14:13:05.052" endtime="20231120 14:13:05.053"/>
</kw>
<status status="PASS" starttime="20231120 14:13:05.050" endtime="20231120 14:13:05.053"/>
</test>
<test id="s1-s1-t2" name="Login With Incorrect Password" line="10">
<kw name="Create User And Input Login Command" type="SETUP">
<kw name="Create User" library="AppLibrary">
<arg>kalle</arg>
<arg>kalle123</arg>
<status status="PASS" starttime="20231120 14:13:05.053" endtime="20231120 14:13:05.054"/>
</kw>
<kw name="Input Login Command" library="resource">
<kw name="Input" library="AppLibrary">
<arg>login</arg>
<status status="PASS" starttime="20231120 14:13:05.054" endtime="20231120 14:13:05.054"/>
</kw>
<status status="PASS" starttime="20231120 14:13:05.054" endtime="20231120 14:13:05.054"/>
</kw>
<status status="PASS" starttime="20231120 14:13:05.053" endtime="20231120 14:13:05.054"/>
</kw>
<kw name="Input Credentials" library="resource">
<arg>kalle</arg>
<arg>testi123</arg>
<kw name="Input" library="AppLibrary">
<arg>${username}</arg>
<status status="PASS" starttime="20231120 14:13:05.054" endtime="20231120 14:13:05.054"/>
</kw>
<kw name="Input" library="AppLibrary">
<arg>${password}</arg>
<status status="PASS" starttime="20231120 14:13:05.054" endtime="20231120 14:13:05.055"/>
</kw>
<kw name="Run Application" library="AppLibrary">
<status status="PASS" starttime="20231120 14:13:05.055" endtime="20231120 14:13:05.055"/>
</kw>
<status status="PASS" starttime="20231120 14:13:05.054" endtime="20231120 14:13:05.055"/>
</kw>
<kw name="Output Should Contain" library="AppLibrary">
<arg>Invalid username or password</arg>
<status status="PASS" starttime="20231120 14:13:05.055" endtime="20231120 14:13:05.055"/>
</kw>
<status status="PASS" starttime="20231120 14:13:05.053" endtime="20231120 14:13:05.055"/>
</test>
<test id="s1-s1-t3" name="Login With Nonexistent username" line="14">
<kw name="Create User And Input Login Command" type="SETUP">
<kw name="Create User" library="AppLibrary">
<arg>kalle</arg>
<arg>kalle123</arg>
<status status="PASS" starttime="20231120 14:13:05.056" endtime="20231120 14:13:05.056"/>
</kw>
<kw name="Input Login Command" library="resource">
<kw name="Input" library="AppLibrary">
<arg>login</arg>
<status status="PASS" starttime="20231120 14:13:05.056" endtime="20231120 14:13:05.056"/>
</kw>
<status status="PASS" starttime="20231120 14:13:05.056" endtime="20231120 14:13:05.056"/>
</kw>
<status status="PASS" starttime="20231120 14:13:05.056" endtime="20231120 14:13:05.056"/>
</kw>
<kw name="Input Credentials" library="resource">
<arg>testi123</arg>
<arg>kalle123</arg>
<kw name="Input" library="AppLibrary">
<arg>${username}</arg>
<status status="PASS" starttime="20231120 14:13:05.057" endtime="20231120 14:13:05.057"/>
</kw>
<kw name="Input" library="AppLibrary">
<arg>${password}</arg>
<status status="PASS" starttime="20231120 14:13:05.057" endtime="20231120 14:13:05.057"/>
</kw>
<kw name="Run Application" library="AppLibrary">
<status status="PASS" starttime="20231120 14:13:05.057" endtime="20231120 14:13:05.057"/>
</kw>
<status status="PASS" starttime="20231120 14:13:05.056" endtime="20231120 14:13:05.057"/>
</kw>
<kw name="Output Should Contain" library="AppLibrary">
<arg>Invalid username or password</arg>
<status status="PASS" starttime="20231120 14:13:05.057" endtime="20231120 14:13:05.057"/>
</kw>
<status status="PASS" starttime="20231120 14:13:05.055" endtime="20231120 14:13:05.057"/>
</test>
<status status="PASS" starttime="20231120 14:13:05.037" endtime="20231120 14:13:05.058"/>
</suite>
<suite id="s1-s2" name="Register" source="C:\Users\tonni\Documents\Courses\ohtu\palautusrepositorio\viikko3\login-robot\src\tests\register.robot">
<test id="s1-s2-t1" name="Register With Valid Username And Password" line="7">
<kw name="Create User And Input New Command" type="SETUP">
<kw name="Create User" library="AppLibrary">
<arg>kalle</arg>
<arg>kalle123</arg>
<status status="PASS" starttime="20231120 14:13:05.062" endtime="20231120 14:13:05.062"/>
</kw>
<kw name="Input New Command" library="resource">
<kw name="Input" library="AppLibrary">
<arg>new</arg>
<status status="PASS" starttime="20231120 14:13:05.062" endtime="20231120 14:13:05.062"/>
</kw>
<status status="PASS" starttime="20231120 14:13:05.062" endtime="20231120 14:13:05.062"/>
</kw>
<status status="PASS" starttime="20231120 14:13:05.062" endtime="20231120 14:13:05.062"/>
</kw>
<kw name="Input Credentials" library="resource">
<arg>testi</arg>
<arg>testi123</arg>
<kw name="Input" library="AppLibrary">
<arg>${username}</arg>
<status status="PASS" starttime="20231120 14:13:05.063" endtime="20231120 14:13:05.063"/>
</kw>
<kw name="Input" library="AppLibrary">
<arg>${password}</arg>
<status status="PASS" starttime="20231120 14:13:05.063" endtime="20231120 14:13:05.063"/>
</kw>
<kw name="Run Application" library="AppLibrary">
<status status="PASS" starttime="20231120 14:13:05.063" endtime="20231120 14:13:05.063"/>
</kw>
<status status="PASS" starttime="20231120 14:13:05.063" endtime="20231120 14:13:05.063"/>
</kw>
<kw name="Output Should Contain" library="AppLibrary">
<arg>New user registered</arg>
<status status="PASS" starttime="20231120 14:13:05.063" endtime="20231120 14:13:05.063"/>
</kw>
<status status="PASS" starttime="20231120 14:13:05.061" endtime="20231120 14:13:05.064"/>
</test>
<test id="s1-s2-t2" name="Register With Already Taken Username And Valid Password" line="11">
<kw name="Create User And Input New Command" type="SETUP">
<kw name="Create User" library="AppLibrary">
<arg>kalle</arg>
<arg>kalle123</arg>
<status status="PASS" starttime="20231120 14:13:05.065" endtime="20231120 14:13:05.065"/>
</kw>
<kw name="Input New Command" library="resource">
<kw name="Input" library="AppLibrary">
<arg>new</arg>
<status status="PASS" starttime="20231120 14:13:05.065" endtime="20231120 14:13:05.065"/>
</kw>
<status status="PASS" starttime="20231120 14:13:05.065" endtime="20231120 14:13:05.065"/>
</kw>
<status status="PASS" starttime="20231120 14:13:05.064" endtime="20231120 14:13:05.065"/>
</kw>
<kw name="Input Credentials" library="resource">
<arg>kalle</arg>
<arg>testi123</arg>
<kw name="Input" library="AppLibrary">
<arg>${username}</arg>
<status status="PASS" starttime="20231120 14:13:05.065" endtime="20231120 14:13:05.065"/>
</kw>
<kw name="Input" library="AppLibrary">
<arg>${password}</arg>
<status status="PASS" starttime="20231120 14:13:05.065" endtime="20231120 14:13:05.066"/>
</kw>
<kw name="Run Application" library="AppLibrary">
<status status="PASS" starttime="20231120 14:13:05.066" endtime="20231120 14:13:05.066"/>
</kw>
<status status="PASS" starttime="20231120 14:13:05.065" endtime="20231120 14:13:05.066"/>
</kw>
<kw name="Output Should Contain" library="AppLibrary">
<arg>User with username kalle already exists</arg>
<status status="PASS" starttime="20231120 14:13:05.066" endtime="20231120 14:13:05.066"/>
</kw>
<status status="PASS" starttime="20231120 14:13:05.064" endtime="20231120 14:13:05.066"/>
</test>
<test id="s1-s2-t3" name="Register With Too Short Username And Valid Password" line="15">
<kw name="Create User And Input New Command" type="SETUP">
<kw name="Create User" library="AppLibrary">
<arg>kalle</arg>
<arg>kalle123</arg>
<status status="PASS" starttime="20231120 14:13:05.067" endtime="20231120 14:13:05.067"/>
</kw>
<kw name="Input New Command" library="resource">
<kw name="Input" library="AppLibrary">
<arg>new</arg>
<status status="PASS" starttime="20231120 14:13:05.067" endtime="20231120 14:13:05.067"/>
</kw>
<status status="PASS" starttime="20231120 14:13:05.067" endtime="20231120 14:13:05.067"/>
</kw>
<status status="PASS" starttime="20231120 14:13:05.067" endtime="20231120 14:13:05.067"/>
</kw>
<kw name="Input Credentials" library="resource">
<arg>a</arg>
<arg>testi123</arg>
<kw name="Input" library="AppLibrary">
<arg>${username}</arg>
<status status="PASS" starttime="20231120 14:13:05.068" endtime="20231120 14:13:05.068"/>
</kw>
<kw name="Input" library="AppLibrary">
<arg>${password}</arg>
<status status="PASS" starttime="20231120 14:13:05.068" endtime="20231120 14:13:05.068"/>
</kw>
<kw name="Run Application" library="AppLibrary">
<status status="PASS" starttime="20231120 14:13:05.068" endtime="20231120 14:13:05.068"/>
</kw>
<status status="PASS" starttime="20231120 14:13:05.067" endtime="20231120 14:13:05.068"/>
</kw>
<kw name="Output Should Contain" library="AppLibrary">
<arg>Username is too short</arg>
<status status="PASS" starttime="20231120 14:13:05.068" endtime="20231120 14:13:05.068"/>
</kw>
<status status="PASS" starttime="20231120 14:13:05.066" endtime="20231120 14:13:05.068"/>
</test>
<test id="s1-s2-t4" name="Register With Enough Long But Invalid Username And Valid Password" line="19">
<kw name="Create User And Input New Command" type="SETUP">
<kw name="Create User" library="AppLibrary">
<arg>kalle</arg>
<arg>kalle123</arg>
<status status="PASS" starttime="20231120 14:13:05.069" endtime="20231120 14:13:05.069"/>
</kw>
<kw name="Input New Command" library="resource">
<kw name="Input" library="AppLibrary">
<arg>new</arg>
<status status="PASS" starttime="20231120 14:13:05.069" endtime="20231120 14:13:05.069"/>
</kw>
<status status="PASS" starttime="20231120 14:13:05.069" endtime="20231120 14:13:05.069"/>
</kw>
<status status="PASS" starttime="20231120 14:13:05.069" endtime="20231120 14:13:05.070"/>
</kw>
<kw name="Input Credentials" library="resource">
<arg>testi123</arg>
<arg>testi123</arg>
<kw name="Input" library="AppLibrary">
<arg>${username}</arg>
<status status="PASS" starttime="20231120 14:13:05.070" endtime="20231120 14:13:05.070"/>
</kw>
<kw name="Input" library="AppLibrary">
<arg>${password}</arg>
<status status="PASS" starttime="20231120 14:13:05.070" endtime="20231120 14:13:05.070"/>
</kw>
<kw name="Run Application" library="AppLibrary">
<status status="PASS" starttime="20231120 14:13:05.070" endtime="20231120 14:13:05.070"/>
</kw>
<status status="PASS" starttime="20231120 14:13:05.070" endtime="20231120 14:13:05.070"/>
</kw>
<kw name="Output Should Contain" library="AppLibrary">
<arg>Username should consist of only letters</arg>
<status status="PASS" starttime="20231120 14:13:05.070" endtime="20231120 14:13:05.071"/>
</kw>
<status status="PASS" starttime="20231120 14:13:05.069" endtime="20231120 14:13:05.071"/>
</test>
<test id="s1-s2-t5" name="Register With Valid Username And Too Short Password" line="23">
<kw name="Create User And Input New Command" type="SETUP">
<kw name="Create User" library="AppLibrary">
<arg>kalle</arg>
<arg>kalle123</arg>
<status status="PASS" starttime="20231120 14:13:05.071" endtime="20231120 14:13:05.072"/>
</kw>
<kw name="Input New Command" library="resource">
<kw name="Input" library="AppLibrary">
<arg>new</arg>
<status status="PASS" starttime="20231120 14:13:05.072" endtime="20231120 14:13:05.072"/>
</kw>
<status status="PASS" starttime="20231120 14:13:05.072" endtime="20231120 14:13:05.072"/>
</kw>
<status status="PASS" starttime="20231120 14:13:05.071" endtime="20231120 14:13:05.072"/>
</kw>
<kw name="Input Credentials" library="resource">
<arg>testi</arg>
<arg>a</arg>
<kw name="Input" library="AppLibrary">
<arg>${username}</arg>
<status status="PASS" starttime="20231120 14:13:05.072" endtime="20231120 14:13:05.072"/>
</kw>
<kw name="Input" library="AppLibrary">
<arg>${password}</arg>
<status status="PASS" starttime="20231120 14:13:05.072" endtime="20231120 14:13:05.072"/>
</kw>
<kw name="Run Application" library="AppLibrary">
<status status="PASS" starttime="20231120 14:13:05.073" endtime="20231120 14:13:05.073"/>
</kw>
<status status="PASS" starttime="20231120 14:13:05.072" endtime="20231120 14:13:05.073"/>
</kw>
<kw name="Output Should Contain" library="AppLibrary">
<arg>Password is too short</arg>
<status status="PASS" starttime="20231120 14:13:05.073" endtime="20231120 14:13:05.073"/>
</kw>
<status status="PASS" starttime="20231120 14:13:05.071" endtime="20231120 14:13:05.073"/>
</test>
<test id="s1-s2-t6" name="Register With Valid Username And Long Enough Password Containing Only Letters" line="27">
<kw name="Create User And Input New Command" type="SETUP">
<kw name="Create User" library="AppLibrary">
<arg>kalle</arg>
<arg>kalle123</arg>
<status status="PASS" starttime="20231120 14:13:05.074" endtime="20231120 14:13:05.074"/>
</kw>
<kw name="Input New Command" library="resource">
<kw name="Input" library="AppLibrary">
<arg>new</arg>
<status status="PASS" starttime="20231120 14:13:05.074" endtime="20231120 14:13:05.074"/>
</kw>
<status status="PASS" starttime="20231120 14:13:05.074" endtime="20231120 14:13:05.074"/>
</kw>
<status status="PASS" starttime="20231120 14:13:05.074" endtime="20231120 14:13:05.074"/>
</kw>
<kw name="Input Credentials" library="resource">
<arg>testi</arg>
<arg>testitesti</arg>
<kw name="Input" library="AppLibrary">
<arg>${username}</arg>
<status status="PASS" starttime="20231120 14:13:05.075" endtime="20231120 14:13:05.075"/>
</kw>
<kw name="Input" library="AppLibrary">
<arg>${password}</arg>
<status status="PASS" starttime="20231120 14:13:05.075" endtime="20231120 14:13:05.075"/>
</kw>
<kw name="Run Application" library="AppLibrary">
<status status="PASS" starttime="20231120 14:13:05.075" endtime="20231120 14:13:05.075"/>
</kw>
<status status="PASS" starttime="20231120 14:13:05.075" endtime="20231120 14:13:05.075"/>
</kw>
<kw name="Output Should Contain" library="AppLibrary">
<arg>Password needs numbers or special characters</arg>
<status status="PASS" starttime="20231120 14:13:05.075" endtime="20231120 14:13:05.075"/>
</kw>
<status status="PASS" starttime="20231120 14:13:05.073" endtime="20231120 14:13:05.076"/>
</test>
<status status="PASS" starttime="20231120 14:13:05.059" endtime="20231120 14:13:05.076"/>
</suite>
<status status="PASS" starttime="20231120 14:13:05.021" endtime="20231120 14:13:05.077"/>
</suite>
<statistics>
<total>
<stat pass="9" fail="0" skip="0">All Tests</stat>
</total>
<tag>
</tag>
<suite>
<stat pass="9" fail="0" skip="0" id="s1" name="Tests">Tests</stat>
<stat pass="3" fail="0" skip="0" id="s1-s1" name="Login">Tests.Login</stat>
<stat pass="6" fail="0" skip="0" id="s1-s2" name="Register">Tests.Register</stat>
</suite>
</statistics>
<errors>
</errors>
</robot>
